{"/mnt/e/courses/CPSC310/D2/cpsc310project_team181/src/controller/InsightFacade.js":{"path":"/mnt/e/courses/CPSC310/D2/cpsc310project_team181/src/controller/InsightFacade.js","statementMap":{"0":{"start":{"line":2,"column":15},"end":{"line":2,"column":34}},"1":{"start":{"line":3,"column":13},"end":{"line":3,"column":31}},"2":{"start":{"line":4,"column":14},"end":{"line":4,"column":32}},"3":{"start":{"line":5,"column":21},"end":{"line":103,"column":3}},"4":{"start":{"line":7,"column":8},"end":{"line":7,"column":58}},"5":{"start":{"line":9,"column":4},"end":{"line":51,"column":6}},"6":{"start":{"line":10,"column":8},"end":{"line":50,"column":11}},"7":{"start":{"line":11,"column":12},"end":{"line":49,"column":15}},"8":{"start":{"line":12,"column":16},"end":{"line":41,"column":17}},"9":{"start":{"line":13,"column":20},"end":{"line":25,"column":23}},"10":{"start":{"line":14,"column":33},"end":{"line":17,"column":25}},"11":{"start":{"line":18,"column":24},"end":{"line":18,"column":36}},"12":{"start":{"line":20,"column":33},"end":{"line":23,"column":25}},"13":{"start":{"line":24,"column":24},"end":{"line":24,"column":35}},"14":{"start":{"line":28,"column":20},"end":{"line":40,"column":23}},"15":{"start":{"line":29,"column":33},"end":{"line":32,"column":25}},"16":{"start":{"line":33,"column":24},"end":{"line":33,"column":36}},"17":{"start":{"line":35,"column":33},"end":{"line":38,"column":25}},"18":{"start":{"line":39,"column":24},"end":{"line":39,"column":35}},"19":{"start":{"line":43,"column":16},"end":{"line":43,"column":34}},"20":{"start":{"line":44,"column":25},"end":{"line":47,"column":17}},"21":{"start":{"line":48,"column":16},"end":{"line":48,"column":27}},"22":{"start":{"line":52,"column":4},"end":{"line":74,"column":6}},"23":{"start":{"line":53,"column":8},"end":{"line":73,"column":11}},"24":{"start":{"line":55,"column":21},"end":{"line":55,"column":34}},"25":{"start":{"line":56,"column":12},"end":{"line":72,"column":15}},"26":{"start":{"line":57,"column":16},"end":{"line":71,"column":17}},"27":{"start":{"line":58,"column":20},"end":{"line":58,"column":41}},"28":{"start":{"line":59,"column":29},"end":{"line":62,"column":21}},"29":{"start":{"line":63,"column":20},"end":{"line":63,"column":32}},"30":{"start":{"line":66,"column":29},"end":{"line":69,"column":21}},"31":{"start":{"line":70,"column":20},"end":{"line":70,"column":31}},"32":{"start":{"line":75,"column":4},"end":{"line":101,"column":6}},"33":{"start":{"line":76,"column":8},"end":{"line":100,"column":11}},"34":{"start":{"line":77,"column":24},"end":{"line":77,"column":56}},"35":{"start":{"line":78,"column":12},"end":{"line":84,"column":13}},"36":{"start":{"line":79,"column":25},"end":{"line":82,"column":17}},"37":{"start":{"line":83,"column":16},"end":{"line":83,"column":27}},"38":{"start":{"line":85,"column":12},"end":{"line":99,"column":13}},"39":{"start":{"line":86,"column":25},"end":{"line":89,"column":17}},"40":{"start":{"line":90,"column":16},"end":{"line":90,"column":27}},"41":{"start":{"line":93,"column":28},"end":{"line":93,"column":64}},"42":{"start":{"line":94,"column":25},"end":{"line":97,"column":17}},"43":{"start":{"line":98,"column":16},"end":{"line":98,"column":28}},"44":{"start":{"line":102,"column":4},"end":{"line":102,"column":25}},"45":{"start":{"line":104,"column":0},"end":{"line":104,"column":62}},"46":{"start":{"line":105,"column":0},"end":{"line":105,"column":32}}},"fnMap":{"0":{"name":"(anonymous_0)","decl":{"start":{"line":5,"column":21},"end":{"line":5,"column":22}},"loc":{"start":{"line":5,"column":33},"end":{"line":103,"column":1}}},"1":{"name":"InsightFacade","decl":{"start":{"line":6,"column":13},"end":{"line":6,"column":26}},"loc":{"start":{"line":6,"column":29},"end":{"line":8,"column":5}}},"2":{"name":"(anonymous_2)","decl":{"start":{"line":9,"column":41},"end":{"line":9,"column":42}},"loc":{"start":{"line":9,"column":64},"end":{"line":51,"column":5}}},"3":{"name":"(anonymous_3)","decl":{"start":{"line":10,"column":27},"end":{"line":10,"column":28}},"loc":{"start":{"line":10,"column":54},"end":{"line":50,"column":9}}},"4":{"name":"(anonymous_4)","decl":{"start":{"line":11,"column":51},"end":{"line":11,"column":52}},"loc":{"start":{"line":11,"column":64},"end":{"line":42,"column":13}}},"5":{"name":"(anonymous_5)","decl":{"start":{"line":13,"column":65},"end":{"line":13,"column":66}},"loc":{"start":{"line":13,"column":80},"end":{"line":19,"column":21}}},"6":{"name":"(anonymous_6)","decl":{"start":{"line":19,"column":29},"end":{"line":19,"column":30}},"loc":{"start":{"line":19,"column":42},"end":{"line":25,"column":21}}},"7":{"name":"(anonymous_7)","decl":{"start":{"line":28,"column":65},"end":{"line":28,"column":66}},"loc":{"start":{"line":28,"column":80},"end":{"line":34,"column":21}}},"8":{"name":"(anonymous_8)","decl":{"start":{"line":34,"column":29},"end":{"line":34,"column":30}},"loc":{"start":{"line":34,"column":42},"end":{"line":40,"column":21}}},"9":{"name":"(anonymous_9)","decl":{"start":{"line":42,"column":21},"end":{"line":42,"column":22}},"loc":{"start":{"line":42,"column":34},"end":{"line":49,"column":13}}},"10":{"name":"(anonymous_10)","decl":{"start":{"line":52,"column":44},"end":{"line":52,"column":45}},"loc":{"start":{"line":52,"column":58},"end":{"line":74,"column":5}}},"11":{"name":"(anonymous_11)","decl":{"start":{"line":53,"column":27},"end":{"line":53,"column":28}},"loc":{"start":{"line":53,"column":54},"end":{"line":73,"column":9}}},"12":{"name":"(anonymous_12)","decl":{"start":{"line":56,"column":33},"end":{"line":56,"column":34}},"loc":{"start":{"line":56,"column":51},"end":{"line":72,"column":13}}},"13":{"name":"(anonymous_13)","decl":{"start":{"line":75,"column":43},"end":{"line":75,"column":44}},"loc":{"start":{"line":75,"column":60},"end":{"line":101,"column":5}}},"14":{"name":"(anonymous_14)","decl":{"start":{"line":76,"column":27},"end":{"line":76,"column":28}},"loc":{"start":{"line":76,"column":54},"end":{"line":100,"column":9}}}},"branchMap":{"0":{"loc":{"start":{"line":12,"column":16},"end":{"line":41,"column":17}},"type":"if","locations":[{"start":{"line":12,"column":16},"end":{"line":41,"column":17}},{"start":{"line":12,"column":16},"end":{"line":41,"column":17}}]},"1":{"loc":{"start":{"line":57,"column":16},"end":{"line":71,"column":17}},"type":"if","locations":[{"start":{"line":57,"column":16},"end":{"line":71,"column":17}},{"start":{"line":57,"column":16},"end":{"line":71,"column":17}}]},"2":{"loc":{"start":{"line":78,"column":12},"end":{"line":84,"column":13}},"type":"if","locations":[{"start":{"line":78,"column":12},"end":{"line":84,"column":13}},{"start":{"line":78,"column":12},"end":{"line":84,"column":13}}]},"3":{"loc":{"start":{"line":85,"column":12},"end":{"line":99,"column":13}},"type":"if","locations":[{"start":{"line":85,"column":12},"end":{"line":99,"column":13}},{"start":{"line":85,"column":12},"end":{"line":99,"column":13}}]}},"s":{"0":1,"1":1,"2":1,"3":1,"4":44,"5":1,"6":7,"7":7,"8":7,"9":3,"10":3,"11":3,"12":0,"13":0,"14":4,"15":1,"16":1,"17":3,"18":3,"19":0,"20":0,"21":0,"22":1,"23":2,"24":2,"25":2,"26":2,"27":1,"28":1,"29":1,"30":1,"31":1,"32":1,"33":31,"34":31,"35":31,"36":16,"37":16,"38":31,"39":7,"40":7,"41":24,"42":8,"43":8,"44":1,"45":1,"46":1},"f":{"0":1,"1":44,"2":7,"3":7,"4":7,"5":3,"6":0,"7":1,"8":3,"9":0,"10":2,"11":2,"12":2,"13":31,"14":31},"b":{"0":[3,4],"1":[1,1],"2":[16,15],"3":[7,24]},"_coverageSchema":"332fd63041d2c1bcb487cc26dd0d5f7d97098a6c","hash":"b72ddac3320c884ea168e5eddbd99e656a990519","contentHash":"6c027c8d52f7b290a9703b95536c07c8_10.0.0"},"/mnt/e/courses/CPSC310/D2/cpsc310project_team181/src/controller/Helper.js":{"path":"/mnt/e/courses/CPSC310/D2/cpsc310project_team181/src/controller/Helper.js","statementMap":{"0":{"start":{"line":2,"column":13},"end":{"line":2,"column":28}},"1":{"start":{"line":3,"column":14},"end":{"line":3,"column":32}},"2":{"start":{"line":4,"column":14},"end":{"line":610,"column":3}},"3":{"start":{"line":7,"column":4},"end":{"line":9,"column":6}},"4":{"start":{"line":8,"column":8},"end":{"line":8,"column":29}},"5":{"start":{"line":10,"column":4},"end":{"line":16,"column":6}},"6":{"start":{"line":12,"column":17},"end":{"line":12,"column":30}},"7":{"start":{"line":13,"column":20},"end":{"line":13,"column":36}},"8":{"start":{"line":14,"column":19},"end":{"line":14,"column":50}},"9":{"start":{"line":15,"column":8},"end":{"line":15,"column":20}},"10":{"start":{"line":18,"column":4},"end":{"line":47,"column":6}},"11":{"start":{"line":19,"column":20},"end":{"line":19,"column":22}},"12":{"start":{"line":20,"column":8},"end":{"line":44,"column":9}},"13":{"start":{"line":21,"column":12},"end":{"line":43,"column":13}},"14":{"start":{"line":22,"column":16},"end":{"line":42,"column":17}},"15":{"start":{"line":23,"column":34},"end":{"line":23,"column":51}},"16":{"start":{"line":24,"column":20},"end":{"line":41,"column":21}},"17":{"start":{"line":25,"column":35},"end":{"line":25,"column":47}},"18":{"start":{"line":26,"column":34},"end":{"line":26,"column":44}},"19":{"start":{"line":27,"column":34},"end":{"line":27,"column":45}},"20":{"start":{"line":28,"column":34},"end":{"line":28,"column":45}},"21":{"start":{"line":29,"column":41},"end":{"line":29,"column":59}},"22":{"start":{"line":30,"column":36},"end":{"line":30,"column":49}},"23":{"start":{"line":31,"column":35},"end":{"line":31,"column":47}},"24":{"start":{"line":32,"column":35},"end":{"line":32,"column":47}},"25":{"start":{"line":33,"column":36},"end":{"line":33,"column":49}},"26":{"start":{"line":34,"column":35},"end":{"line":34,"column":47}},"27":{"start":{"line":35,"column":35},"end":{"line":35,"column":47}},"28":{"start":{"line":36,"column":24},"end":{"line":38,"column":25}},"29":{"start":{"line":37,"column":28},"end":{"line":37,"column":48}},"30":{"start":{"line":39,"column":43},"end":{"line":39,"column":368}},"31":{"start":{"line":40,"column":24},"end":{"line":40,"column":48}},"32":{"start":{"line":45,"column":8},"end":{"line":45,"column":21}},"33":{"start":{"line":48,"column":4},"end":{"line":55,"column":6}},"34":{"start":{"line":49,"column":8},"end":{"line":54,"column":11}},"35":{"start":{"line":50,"column":21},"end":{"line":50,"column":34}},"36":{"start":{"line":51,"column":12},"end":{"line":53,"column":15}},"37":{"start":{"line":52,"column":16},"end":{"line":52,"column":32}},"38":{"start":{"line":56,"column":4},"end":{"line":81,"column":6}},"39":{"start":{"line":57,"column":8},"end":{"line":80,"column":11}},"40":{"start":{"line":58,"column":35},"end":{"line":58,"column":37}},"41":{"start":{"line":59,"column":30},"end":{"line":59,"column":32}},"42":{"start":{"line":60,"column":12},"end":{"line":62,"column":13}},"43":{"start":{"line":61,"column":16},"end":{"line":61,"column":35}},"44":{"start":{"line":63,"column":12},"end":{"line":66,"column":13}},"45":{"start":{"line":64,"column":31},"end":{"line":64,"column":64}},"46":{"start":{"line":65,"column":16},"end":{"line":65,"column":43}},"47":{"start":{"line":67,"column":12},"end":{"line":79,"column":15}},"48":{"start":{"line":68,"column":16},"end":{"line":72,"column":17}},"49":{"start":{"line":69,"column":28},"end":{"line":69,"column":38}},"50":{"start":{"line":70,"column":31},"end":{"line":70,"column":44}},"51":{"start":{"line":71,"column":20},"end":{"line":71,"column":93}},"52":{"start":{"line":73,"column":16},"end":{"line":75,"column":17}},"53":{"start":{"line":74,"column":20},"end":{"line":74,"column":57}},"54":{"start":{"line":76,"column":16},"end":{"line":76,"column":42}},"55":{"start":{"line":78,"column":16},"end":{"line":78,"column":28}},"56":{"start":{"line":82,"column":4},"end":{"line":120,"column":6}},"57":{"start":{"line":83,"column":8},"end":{"line":119,"column":9}},"58":{"start":{"line":84,"column":12},"end":{"line":90,"column":15}},"59":{"start":{"line":85,"column":16},"end":{"line":89,"column":19}},"60":{"start":{"line":86,"column":20},"end":{"line":86,"column":33}},"61":{"start":{"line":88,"column":20},"end":{"line":88,"column":32}},"62":{"start":{"line":93,"column":12},"end":{"line":93,"column":25}},"63":{"start":{"line":94,"column":24},"end":{"line":94,"column":40}},"64":{"start":{"line":95,"column":23},"end":{"line":95,"column":25}},"65":{"start":{"line":96,"column":12},"end":{"line":118,"column":15}},"66":{"start":{"line":97,"column":16},"end":{"line":117,"column":19}},"67":{"start":{"line":98,"column":32},"end":{"line":98,"column":44}},"68":{"start":{"line":99,"column":20},"end":{"line":99,"column":46}},"69":{"start":{"line":100,"column":38},"end":{"line":100,"column":40}},"70":{"start":{"line":101,"column":20},"end":{"line":103,"column":21}},"71":{"start":{"line":102,"column":24},"end":{"line":102,"column":44}},"72":{"start":{"line":104,"column":20},"end":{"line":114,"column":23}},"73":{"start":{"line":105,"column":24},"end":{"line":105,"column":52}},"74":{"start":{"line":106,"column":33},"end":{"line":106,"column":46}},"75":{"start":{"line":107,"column":24},"end":{"line":110,"column":27}},"76":{"start":{"line":108,"column":28},"end":{"line":109,"column":42}},"77":{"start":{"line":109,"column":32},"end":{"line":109,"column":42}},"78":{"start":{"line":111,"column":24},"end":{"line":111,"column":45}},"79":{"start":{"line":113,"column":24},"end":{"line":113,"column":34}},"80":{"start":{"line":116,"column":20},"end":{"line":116,"column":47}},"81":{"start":{"line":121,"column":4},"end":{"line":126,"column":6}},"82":{"start":{"line":122,"column":17},"end":{"line":122,"column":30}},"83":{"start":{"line":123,"column":16},"end":{"line":123,"column":45}},"84":{"start":{"line":124,"column":18},"end":{"line":124,"column":31}},"85":{"start":{"line":125,"column":8},"end":{"line":125,"column":19}},"86":{"start":{"line":127,"column":4},"end":{"line":160,"column":6}},"87":{"start":{"line":128,"column":20},"end":{"line":128,"column":34}},"88":{"start":{"line":129,"column":22},"end":{"line":129,"column":38}},"89":{"start":{"line":131,"column":8},"end":{"line":136,"column":9}},"90":{"start":{"line":132,"column":12},"end":{"line":132,"column":38}},"91":{"start":{"line":135,"column":12},"end":{"line":135,"column":53}},"92":{"start":{"line":137,"column":27},"end":{"line":137,"column":65}},"93":{"start":{"line":138,"column":8},"end":{"line":141,"column":9}},"94":{"start":{"line":139,"column":34},"end":{"line":139,"column":58}},"95":{"start":{"line":140,"column":39},"end":{"line":140,"column":95}},"96":{"start":{"line":142,"column":8},"end":{"line":159,"column":9}},"97":{"start":{"line":143,"column":12},"end":{"line":143,"column":30}},"98":{"start":{"line":145,"column":13},"end":{"line":159,"column":9}},"99":{"start":{"line":146,"column":12},"end":{"line":146,"column":30}},"100":{"start":{"line":148,"column":13},"end":{"line":159,"column":9}},"101":{"start":{"line":149,"column":12},"end":{"line":149,"column":32}},"102":{"start":{"line":151,"column":13},"end":{"line":159,"column":9}},"103":{"start":{"line":152,"column":12},"end":{"line":152,"column":40}},"104":{"start":{"line":154,"column":13},"end":{"line":159,"column":9}},"105":{"start":{"line":155,"column":12},"end":{"line":155,"column":32}},"106":{"start":{"line":158,"column":12},"end":{"line":158,"column":30}},"107":{"start":{"line":161,"column":4},"end":{"line":242,"column":6}},"108":{"start":{"line":162,"column":8},"end":{"line":164,"column":9}},"109":{"start":{"line":163,"column":12},"end":{"line":163,"column":36}},"110":{"start":{"line":165,"column":24},"end":{"line":165,"column":52}},"111":{"start":{"line":166,"column":8},"end":{"line":168,"column":9}},"112":{"start":{"line":167,"column":12},"end":{"line":167,"column":74}},"113":{"start":{"line":169,"column":8},"end":{"line":171,"column":9}},"114":{"start":{"line":170,"column":12},"end":{"line":170,"column":74}},"115":{"start":{"line":172,"column":20},"end":{"line":172,"column":49}},"116":{"start":{"line":173,"column":20},"end":{"line":173,"column":49}},"117":{"start":{"line":174,"column":8},"end":{"line":192,"column":9}},"118":{"start":{"line":175,"column":12},"end":{"line":175,"column":94}},"119":{"start":{"line":178,"column":12},"end":{"line":191,"column":13}},"120":{"start":{"line":179,"column":24},"end":{"line":179,"column":35}},"121":{"start":{"line":180,"column":16},"end":{"line":190,"column":17}},"122":{"start":{"line":181,"column":33},"end":{"line":181,"column":48}},"123":{"start":{"line":182,"column":20},"end":{"line":186,"column":21}},"124":{"start":{"line":185,"column":24},"end":{"line":185,"column":56}},"125":{"start":{"line":189,"column":20},"end":{"line":189,"column":59}},"126":{"start":{"line":193,"column":8},"end":{"line":195,"column":9}},"127":{"start":{"line":194,"column":12},"end":{"line":194,"column":52}},"128":{"start":{"line":196,"column":27},"end":{"line":196,"column":29}},"129":{"start":{"line":197,"column":8},"end":{"line":201,"column":9}},"130":{"start":{"line":198,"column":20},"end":{"line":198,"column":31}},"131":{"start":{"line":199,"column":28},"end":{"line":199,"column":45}},"132":{"start":{"line":200,"column":12},"end":{"line":200,"column":41}},"133":{"start":{"line":202,"column":23},"end":{"line":202,"column":49}},"134":{"start":{"line":203,"column":8},"end":{"line":215,"column":9}},"135":{"start":{"line":204,"column":25},"end":{"line":204,"column":31}},"136":{"start":{"line":205,"column":23},"end":{"line":205,"column":28}},"137":{"start":{"line":206,"column":12},"end":{"line":211,"column":13}},"138":{"start":{"line":207,"column":27},"end":{"line":207,"column":41}},"139":{"start":{"line":208,"column":16},"end":{"line":210,"column":17}},"140":{"start":{"line":209,"column":20},"end":{"line":209,"column":32}},"141":{"start":{"line":212,"column":12},"end":{"line":214,"column":13}},"142":{"start":{"line":213,"column":16},"end":{"line":213,"column":88}},"143":{"start":{"line":216,"column":26},"end":{"line":216,"column":53}},"144":{"start":{"line":217,"column":8},"end":{"line":219,"column":9}},"145":{"start":{"line":218,"column":12},"end":{"line":218,"column":31}},"146":{"start":{"line":220,"column":8},"end":{"line":240,"column":9}},"147":{"start":{"line":221,"column":32},"end":{"line":221,"column":56}},"148":{"start":{"line":222,"column":12},"end":{"line":239,"column":13}},"149":{"start":{"line":223,"column":16},"end":{"line":235,"column":17}},"150":{"start":{"line":224,"column":28},"end":{"line":224,"column":47}},"151":{"start":{"line":225,"column":28},"end":{"line":225,"column":33}},"152":{"start":{"line":226,"column":20},"end":{"line":231,"column":21}},"153":{"start":{"line":227,"column":35},"end":{"line":227,"column":41}},"154":{"start":{"line":228,"column":24},"end":{"line":230,"column":25}},"155":{"start":{"line":229,"column":28},"end":{"line":229,"column":37}},"156":{"start":{"line":232,"column":20},"end":{"line":234,"column":21}},"157":{"start":{"line":233,"column":24},"end":{"line":233,"column":90}},"158":{"start":{"line":238,"column":16},"end":{"line":238,"column":61}},"159":{"start":{"line":241,"column":8},"end":{"line":241,"column":23}},"160":{"start":{"line":243,"column":4},"end":{"line":284,"column":6}},"161":{"start":{"line":244,"column":22},"end":{"line":244,"column":24}},"162":{"start":{"line":245,"column":8},"end":{"line":282,"column":9}},"163":{"start":{"line":246,"column":20},"end":{"line":246,"column":31}},"164":{"start":{"line":247,"column":12},"end":{"line":281,"column":13}},"165":{"start":{"line":248,"column":31},"end":{"line":248,"column":45}},"166":{"start":{"line":249,"column":16},"end":{"line":251,"column":17}},"167":{"start":{"line":250,"column":20},"end":{"line":250,"column":82}},"168":{"start":{"line":252,"column":16},"end":{"line":252,"column":42}},"169":{"start":{"line":253,"column":16},"end":{"line":277,"column":17}},"170":{"start":{"line":254,"column":37},"end":{"line":254,"column":67}},"171":{"start":{"line":255,"column":20},"end":{"line":273,"column":21}},"172":{"start":{"line":256,"column":39},"end":{"line":256,"column":79}},"173":{"start":{"line":257,"column":24},"end":{"line":269,"column":25}},"174":{"start":{"line":258,"column":28},"end":{"line":262,"column":29}},"175":{"start":{"line":261,"column":32},"end":{"line":261,"column":68}},"176":{"start":{"line":265,"column":28},"end":{"line":268,"column":29}},"177":{"start":{"line":267,"column":32},"end":{"line":267,"column":68}},"178":{"start":{"line":272,"column":24},"end":{"line":272,"column":52}},"179":{"start":{"line":276,"column":20},"end":{"line":276,"column":54}},"180":{"start":{"line":280,"column":16},"end":{"line":280,"column":47}},"181":{"start":{"line":283,"column":8},"end":{"line":283,"column":23}},"182":{"start":{"line":285,"column":4},"end":{"line":382,"column":6}},"183":{"start":{"line":286,"column":8},"end":{"line":288,"column":9}},"184":{"start":{"line":287,"column":12},"end":{"line":287,"column":36}},"185":{"start":{"line":289,"column":23},"end":{"line":289,"column":44}},"186":{"start":{"line":290,"column":25},"end":{"line":290,"column":40}},"187":{"start":{"line":291,"column":18},"end":{"line":291,"column":49}},"188":{"start":{"line":292,"column":20},"end":{"line":292,"column":35}},"189":{"start":{"line":293,"column":17},"end":{"line":293,"column":30}},"190":{"start":{"line":294,"column":8},"end":{"line":380,"column":9}},"191":{"start":{"line":298,"column":16},"end":{"line":320,"column":17}},"192":{"start":{"line":299,"column":20},"end":{"line":299,"column":53}},"193":{"start":{"line":302,"column":33},"end":{"line":302,"column":50}},"194":{"start":{"line":303,"column":20},"end":{"line":310,"column":21}},"195":{"start":{"line":304,"column":24},"end":{"line":304,"column":53}},"196":{"start":{"line":307,"column":34},"end":{"line":307,"column":36}},"197":{"start":{"line":308,"column":24},"end":{"line":308,"column":41}},"198":{"start":{"line":309,"column":24},"end":{"line":309,"column":35}},"199":{"start":{"line":311,"column":33},"end":{"line":311,"column":50}},"200":{"start":{"line":312,"column":20},"end":{"line":318,"column":21}},"201":{"start":{"line":314,"column":24},"end":{"line":314,"column":57}},"202":{"start":{"line":316,"column":25},"end":{"line":318,"column":21}},"203":{"start":{"line":317,"column":24},"end":{"line":317,"column":59}},"204":{"start":{"line":319,"column":20},"end":{"line":319,"column":34}},"205":{"start":{"line":322,"column":16},"end":{"line":344,"column":17}},"206":{"start":{"line":323,"column":20},"end":{"line":323,"column":53}},"207":{"start":{"line":326,"column":29},"end":{"line":326,"column":46}},"208":{"start":{"line":327,"column":20},"end":{"line":334,"column":21}},"209":{"start":{"line":328,"column":24},"end":{"line":328,"column":49}},"210":{"start":{"line":331,"column":34},"end":{"line":331,"column":36}},"211":{"start":{"line":332,"column":24},"end":{"line":332,"column":37}},"212":{"start":{"line":333,"column":24},"end":{"line":333,"column":35}},"213":{"start":{"line":335,"column":33},"end":{"line":335,"column":50}},"214":{"start":{"line":336,"column":20},"end":{"line":342,"column":21}},"215":{"start":{"line":338,"column":24},"end":{"line":338,"column":57}},"216":{"start":{"line":340,"column":25},"end":{"line":342,"column":21}},"217":{"start":{"line":341,"column":24},"end":{"line":341,"column":59}},"218":{"start":{"line":343,"column":20},"end":{"line":343,"column":30}},"219":{"start":{"line":346,"column":16},"end":{"line":346,"column":56}},"220":{"start":{"line":349,"column":16},"end":{"line":379,"column":17}},"221":{"start":{"line":350,"column":20},"end":{"line":350,"column":49}},"222":{"start":{"line":353,"column":20},"end":{"line":355,"column":21}},"223":{"start":{"line":354,"column":24},"end":{"line":354,"column":53}},"224":{"start":{"line":356,"column":37},"end":{"line":356,"column":39}},"225":{"start":{"line":357,"column":33},"end":{"line":357,"column":36}},"226":{"start":{"line":358,"column":20},"end":{"line":374,"column":21}},"227":{"start":{"line":359,"column":40},"end":{"line":359,"column":75}},"228":{"start":{"line":360,"column":24},"end":{"line":362,"column":25}},"229":{"start":{"line":361,"column":28},"end":{"line":361,"column":70}},"230":{"start":{"line":363,"column":24},"end":{"line":373,"column":25}},"231":{"start":{"line":364,"column":28},"end":{"line":372,"column":29}},"232":{"start":{"line":365,"column":32},"end":{"line":365,"column":49}},"233":{"start":{"line":368,"column":32},"end":{"line":370,"column":33}},"234":{"start":{"line":369,"column":36},"end":{"line":369,"column":69}},"235":{"start":{"line":371,"column":32},"end":{"line":371,"column":51}},"236":{"start":{"line":375,"column":20},"end":{"line":377,"column":21}},"237":{"start":{"line":376,"column":24},"end":{"line":376,"column":42}},"238":{"start":{"line":378,"column":20},"end":{"line":378,"column":34}},"239":{"start":{"line":381,"column":8},"end":{"line":381,"column":31}},"240":{"start":{"line":383,"column":4},"end":{"line":498,"column":6}},"241":{"start":{"line":384,"column":8},"end":{"line":386,"column":9}},"242":{"start":{"line":385,"column":12},"end":{"line":385,"column":36}},"243":{"start":{"line":388,"column":26},"end":{"line":388,"column":46}},"244":{"start":{"line":389,"column":17},"end":{"line":389,"column":30}},"245":{"start":{"line":390,"column":8},"end":{"line":392,"column":9}},"246":{"start":{"line":391,"column":12},"end":{"line":391,"column":68}},"247":{"start":{"line":393,"column":8},"end":{"line":395,"column":9}},"248":{"start":{"line":394,"column":12},"end":{"line":394,"column":65}},"249":{"start":{"line":396,"column":8},"end":{"line":496,"column":9}},"250":{"start":{"line":397,"column":22},"end":{"line":397,"column":39}},"251":{"start":{"line":398,"column":12},"end":{"line":495,"column":13}},"252":{"start":{"line":399,"column":16},"end":{"line":423,"column":17}},"253":{"start":{"line":400,"column":20},"end":{"line":400,"column":51}},"254":{"start":{"line":403,"column":20},"end":{"line":422,"column":21}},"255":{"start":{"line":404,"column":38},"end":{"line":404,"column":44}},"256":{"start":{"line":405,"column":24},"end":{"line":421,"column":25}},"257":{"start":{"line":406,"column":28},"end":{"line":417,"column":29}},"258":{"start":{"line":407,"column":32},"end":{"line":407,"column":63}},"259":{"start":{"line":408,"column":32},"end":{"line":413,"column":33}},"260":{"start":{"line":409,"column":36},"end":{"line":409,"column":65}},"261":{"start":{"line":412,"column":36},"end":{"line":412,"column":65}},"262":{"start":{"line":415,"column":33},"end":{"line":417,"column":29}},"263":{"start":{"line":416,"column":32},"end":{"line":416,"column":61}},"264":{"start":{"line":420,"column":28},"end":{"line":420,"column":57}},"265":{"start":{"line":425,"column":17},"end":{"line":495,"column":13}},"266":{"start":{"line":426,"column":16},"end":{"line":489,"column":17}},"267":{"start":{"line":427,"column":32},"end":{"line":427,"column":61}},"268":{"start":{"line":428,"column":20},"end":{"line":451,"column":21}},"269":{"start":{"line":429,"column":24},"end":{"line":431,"column":25}},"270":{"start":{"line":430,"column":28},"end":{"line":430,"column":60}},"271":{"start":{"line":432,"column":24},"end":{"line":447,"column":25}},"272":{"start":{"line":433,"column":44},"end":{"line":433,"column":68}},"273":{"start":{"line":434,"column":28},"end":{"line":443,"column":29}},"274":{"start":{"line":435,"column":40},"end":{"line":435,"column":55}},"275":{"start":{"line":436,"column":32},"end":{"line":442,"column":33}},"276":{"start":{"line":437,"column":36},"end":{"line":441,"column":37}},"277":{"start":{"line":440,"column":40},"end":{"line":440,"column":81}},"278":{"start":{"line":446,"column":28},"end":{"line":446,"column":73}},"279":{"start":{"line":450,"column":24},"end":{"line":450,"column":47}},"280":{"start":{"line":452,"column":20},"end":{"line":463,"column":21}},"281":{"start":{"line":453,"column":34},"end":{"line":453,"column":40}},"282":{"start":{"line":454,"column":24},"end":{"line":462,"column":25}},"283":{"start":{"line":455,"column":42},"end":{"line":455,"column":59}},"284":{"start":{"line":456,"column":28},"end":{"line":461,"column":29}},"285":{"start":{"line":457,"column":32},"end":{"line":457,"column":62}},"286":{"start":{"line":460,"column":32},"end":{"line":460,"column":78}},"287":{"start":{"line":465,"column":21},"end":{"line":489,"column":17}},"288":{"start":{"line":466,"column":34},"end":{"line":466,"column":64}},"289":{"start":{"line":467,"column":20},"end":{"line":472,"column":21}},"290":{"start":{"line":468,"column":24},"end":{"line":468,"column":54}},"291":{"start":{"line":471,"column":24},"end":{"line":471,"column":70}},"292":{"start":{"line":473,"column":20},"end":{"line":475,"column":21}},"293":{"start":{"line":474,"column":24},"end":{"line":474,"column":76}},"294":{"start":{"line":477,"column":21},"end":{"line":489,"column":17}},"295":{"start":{"line":478,"column":28},"end":{"line":478,"column":44}},"296":{"start":{"line":479,"column":28},"end":{"line":479,"column":33}},"297":{"start":{"line":480,"column":20},"end":{"line":485,"column":21}},"298":{"start":{"line":481,"column":35},"end":{"line":481,"column":41}},"299":{"start":{"line":482,"column":24},"end":{"line":484,"column":25}},"300":{"start":{"line":483,"column":28},"end":{"line":483,"column":37}},"301":{"start":{"line":486,"column":20},"end":{"line":488,"column":21}},"302":{"start":{"line":487,"column":24},"end":{"line":487,"column":89}},"303":{"start":{"line":491,"column":17},"end":{"line":495,"column":13}},"304":{"start":{"line":492,"column":16},"end":{"line":494,"column":17}},"305":{"start":{"line":493,"column":20},"end":{"line":493,"column":48}},"306":{"start":{"line":497,"column":8},"end":{"line":497,"column":22}},"307":{"start":{"line":499,"column":4},"end":{"line":515,"column":6}},"308":{"start":{"line":500,"column":22},"end":{"line":500,"column":37}},"309":{"start":{"line":501,"column":19},"end":{"line":501,"column":23}},"310":{"start":{"line":502,"column":18},"end":{"line":502,"column":25}},"311":{"start":{"line":503,"column":8},"end":{"line":513,"column":11}},"312":{"start":{"line":504,"column":24},"end":{"line":504,"column":25}},"313":{"start":{"line":505,"column":12},"end":{"line":510,"column":13}},"314":{"start":{"line":506,"column":16},"end":{"line":508,"column":17}},"315":{"start":{"line":507,"column":20},"end":{"line":507,"column":31}},"316":{"start":{"line":509,"column":16},"end":{"line":509,"column":38}},"317":{"start":{"line":511,"column":20},"end":{"line":511,"column":21}},"318":{"start":{"line":512,"column":12},"end":{"line":512,"column":59}},"319":{"start":{"line":514,"column":8},"end":{"line":514,"column":23}},"320":{"start":{"line":516,"column":4},"end":{"line":595,"column":6}},"321":{"start":{"line":518,"column":8},"end":{"line":528,"column":9}},"322":{"start":{"line":519,"column":12},"end":{"line":524,"column":13}},"323":{"start":{"line":520,"column":16},"end":{"line":520,"column":47}},"324":{"start":{"line":523,"column":16},"end":{"line":523,"column":33}},"325":{"start":{"line":526,"column":13},"end":{"line":528,"column":9}},"326":{"start":{"line":527,"column":12},"end":{"line":527,"column":46}},"327":{"start":{"line":529,"column":8},"end":{"line":594,"column":9}},"328":{"start":{"line":538,"column":16},"end":{"line":543,"column":17}},"329":{"start":{"line":539,"column":38},"end":{"line":539,"column":67}},"330":{"start":{"line":542,"column":38},"end":{"line":542,"column":61}},"331":{"start":{"line":544,"column":16},"end":{"line":548,"column":17}},"332":{"start":{"line":545,"column":20},"end":{"line":547,"column":21}},"333":{"start":{"line":546,"column":24},"end":{"line":546,"column":78}},"334":{"start":{"line":549,"column":16},"end":{"line":549,"column":35}},"335":{"start":{"line":562,"column":16},"end":{"line":569,"column":17}},"336":{"start":{"line":563,"column":20},"end":{"line":563,"column":52}},"337":{"start":{"line":564,"column":20},"end":{"line":564,"column":52}},"338":{"start":{"line":567,"column":20},"end":{"line":567,"column":49}},"339":{"start":{"line":568,"column":20},"end":{"line":568,"column":49}},"340":{"start":{"line":570,"column":35},"end":{"line":570,"column":61}},"341":{"start":{"line":571,"column":16},"end":{"line":573,"column":17}},"342":{"start":{"line":572,"column":20},"end":{"line":572,"column":75}},"343":{"start":{"line":574,"column":16},"end":{"line":574,"column":36}},"344":{"start":{"line":581,"column":16},"end":{"line":588,"column":17}},"345":{"start":{"line":582,"column":20},"end":{"line":582,"column":46}},"346":{"start":{"line":583,"column":20},"end":{"line":583,"column":46}},"347":{"start":{"line":586,"column":20},"end":{"line":586,"column":43}},"348":{"start":{"line":587,"column":20},"end":{"line":587,"column":43}},"349":{"start":{"line":589,"column":35},"end":{"line":589,"column":61}},"350":{"start":{"line":590,"column":16},"end":{"line":592,"column":17}},"351":{"start":{"line":591,"column":20},"end":{"line":591,"column":75}},"352":{"start":{"line":593,"column":16},"end":{"line":593,"column":36}},"353":{"start":{"line":596,"column":4},"end":{"line":608,"column":6}},"354":{"start":{"line":597,"column":23},"end":{"line":597,"column":25}},"355":{"start":{"line":598,"column":8},"end":{"line":606,"column":9}},"356":{"start":{"line":599,"column":26},"end":{"line":599,"column":37}},"357":{"start":{"line":600,"column":29},"end":{"line":600,"column":31}},"358":{"start":{"line":601,"column":12},"end":{"line":604,"column":13}},"359":{"start":{"line":602,"column":26},"end":{"line":602,"column":40}},"360":{"start":{"line":603,"column":16},"end":{"line":603,"column":47}},"361":{"start":{"line":605,"column":12},"end":{"line":605,"column":38}},"362":{"start":{"line":607,"column":8},"end":{"line":607,"column":24}},"363":{"start":{"line":609,"column":4},"end":{"line":609,"column":18}},"364":{"start":{"line":611,"column":0},"end":{"line":611,"column":62}},"365":{"start":{"line":612,"column":0},"end":{"line":612,"column":25}}},"fnMap":{"0":{"name":"(anonymous_0)","decl":{"start":{"line":4,"column":14},"end":{"line":4,"column":15}},"loc":{"start":{"line":4,"column":26},"end":{"line":610,"column":1}}},"1":{"name":"Helper","decl":{"start":{"line":5,"column":13},"end":{"line":5,"column":19}},"loc":{"start":{"line":5,"column":22},"end":{"line":6,"column":5}}},"2":{"name":"(anonymous_2)","decl":{"start":{"line":7,"column":24},"end":{"line":7,"column":25}},"loc":{"start":{"line":7,"column":43},"end":{"line":9,"column":5}}},"3":{"name":"(anonymous_3)","decl":{"start":{"line":10,"column":23},"end":{"line":10,"column":24}},"loc":{"start":{"line":10,"column":39},"end":{"line":16,"column":5}}},"4":{"name":"(anonymous_4)","decl":{"start":{"line":18,"column":25},"end":{"line":18,"column":26}},"loc":{"start":{"line":18,"column":48},"end":{"line":47,"column":5}}},"5":{"name":"(anonymous_5)","decl":{"start":{"line":48,"column":19},"end":{"line":48,"column":20}},"loc":{"start":{"line":48,"column":35},"end":{"line":55,"column":5}}},"6":{"name":"(anonymous_6)","decl":{"start":{"line":49,"column":27},"end":{"line":49,"column":28}},"loc":{"start":{"line":49,"column":54},"end":{"line":54,"column":9}}},"7":{"name":"(anonymous_7)","decl":{"start":{"line":51,"column":28},"end":{"line":51,"column":29}},"loc":{"start":{"line":51,"column":46},"end":{"line":53,"column":13}}},"8":{"name":"(anonymous_8)","decl":{"start":{"line":56,"column":21},"end":{"line":56,"column":22}},"loc":{"start":{"line":56,"column":46},"end":{"line":81,"column":5}}},"9":{"name":"(anonymous_9)","decl":{"start":{"line":57,"column":27},"end":{"line":57,"column":28}},"loc":{"start":{"line":57,"column":54},"end":{"line":80,"column":9}}},"10":{"name":"(anonymous_10)","decl":{"start":{"line":67,"column":42},"end":{"line":67,"column":43}},"loc":{"start":{"line":67,"column":58},"end":{"line":77,"column":13}}},"11":{"name":"(anonymous_11)","decl":{"start":{"line":77,"column":21},"end":{"line":77,"column":22}},"loc":{"start":{"line":77,"column":36},"end":{"line":79,"column":13}}},"12":{"name":"(anonymous_12)","decl":{"start":{"line":82,"column":23},"end":{"line":82,"column":24}},"loc":{"start":{"line":82,"column":46},"end":{"line":120,"column":5}}},"13":{"name":"(anonymous_13)","decl":{"start":{"line":84,"column":31},"end":{"line":84,"column":32}},"loc":{"start":{"line":84,"column":58},"end":{"line":90,"column":13}}},"14":{"name":"(anonymous_14)","decl":{"start":{"line":85,"column":56},"end":{"line":85,"column":57}},"loc":{"start":{"line":85,"column":71},"end":{"line":87,"column":17}}},"15":{"name":"(anonymous_15)","decl":{"start":{"line":87,"column":25},"end":{"line":87,"column":26}},"loc":{"start":{"line":87,"column":40},"end":{"line":89,"column":17}}},"16":{"name":"(anonymous_16)","decl":{"start":{"line":96,"column":31},"end":{"line":96,"column":32}},"loc":{"start":{"line":96,"column":58},"end":{"line":118,"column":13}}},"17":{"name":"(anonymous_17)","decl":{"start":{"line":97,"column":64},"end":{"line":97,"column":65}},"loc":{"start":{"line":97,"column":79},"end":{"line":115,"column":17}}},"18":{"name":"(anonymous_18)","decl":{"start":{"line":104,"column":55},"end":{"line":104,"column":56}},"loc":{"start":{"line":104,"column":76},"end":{"line":112,"column":21}}},"19":{"name":"(anonymous_19)","decl":{"start":{"line":107,"column":70},"end":{"line":107,"column":71}},"loc":{"start":{"line":107,"column":85},"end":{"line":110,"column":25}}},"20":{"name":"(anonymous_20)","decl":{"start":{"line":112,"column":29},"end":{"line":112,"column":30}},"loc":{"start":{"line":112,"column":42},"end":{"line":114,"column":21}}},"21":{"name":"(anonymous_21)","decl":{"start":{"line":115,"column":25},"end":{"line":115,"column":26}},"loc":{"start":{"line":115,"column":38},"end":{"line":117,"column":17}}},"22":{"name":"(anonymous_22)","decl":{"start":{"line":121,"column":22},"end":{"line":121,"column":23}},"loc":{"start":{"line":121,"column":38},"end":{"line":126,"column":5}}},"23":{"name":"(anonymous_23)","decl":{"start":{"line":127,"column":22},"end":{"line":127,"column":23}},"loc":{"start":{"line":127,"column":39},"end":{"line":160,"column":5}}},"24":{"name":"(anonymous_24)","decl":{"start":{"line":161,"column":37},"end":{"line":161,"column":38}},"loc":{"start":{"line":161,"column":73},"end":{"line":242,"column":5}}},"25":{"name":"(anonymous_25)","decl":{"start":{"line":243,"column":27},"end":{"line":243,"column":28}},"loc":{"start":{"line":243,"column":44},"end":{"line":284,"column":5}}},"26":{"name":"(anonymous_26)","decl":{"start":{"line":285,"column":27},"end":{"line":285,"column":28}},"loc":{"start":{"line":285,"column":44},"end":{"line":382,"column":5}}},"27":{"name":"(anonymous_27)","decl":{"start":{"line":383,"column":29},"end":{"line":383,"column":30}},"loc":{"start":{"line":383,"column":55},"end":{"line":498,"column":5}}},"28":{"name":"(anonymous_28)","decl":{"start":{"line":499,"column":18},"end":{"line":499,"column":19}},"loc":{"start":{"line":499,"column":44},"end":{"line":515,"column":5}}},"29":{"name":"(anonymous_29)","decl":{"start":{"line":503,"column":21},"end":{"line":503,"column":22}},"loc":{"start":{"line":503,"column":37},"end":{"line":513,"column":9}}},"30":{"name":"(anonymous_30)","decl":{"start":{"line":516,"column":24},"end":{"line":516,"column":25}},"loc":{"start":{"line":516,"column":52},"end":{"line":595,"column":5}}},"31":{"name":"(anonymous_31)","decl":{"start":{"line":596,"column":25},"end":{"line":596,"column":26}},"loc":{"start":{"line":596,"column":52},"end":{"line":608,"column":5}}}},"branchMap":{"0":{"loc":{"start":{"line":20,"column":8},"end":{"line":44,"column":9}},"type":"if","locations":[{"start":{"line":20,"column":8},"end":{"line":44,"column":9}},{"start":{"line":20,"column":8},"end":{"line":44,"column":9}}]},"1":{"loc":{"start":{"line":21,"column":12},"end":{"line":43,"column":13}},"type":"if","locations":[{"start":{"line":21,"column":12},"end":{"line":43,"column":13}},{"start":{"line":21,"column":12},"end":{"line":43,"column":13}}]},"2":{"loc":{"start":{"line":24,"column":20},"end":{"line":41,"column":21}},"type":"if","locations":[{"start":{"line":24,"column":20},"end":{"line":41,"column":21}},{"start":{"line":24,"column":20},"end":{"line":41,"column":21}}]},"3":{"loc":{"start":{"line":36,"column":24},"end":{"line":38,"column":25}},"type":"if","locations":[{"start":{"line":36,"column":24},"end":{"line":38,"column":25}},{"start":{"line":36,"column":24},"end":{"line":38,"column":25}}]},"4":{"loc":{"start":{"line":60,"column":12},"end":{"line":62,"column":13}},"type":"if","locations":[{"start":{"line":60,"column":12},"end":{"line":62,"column":13}},{"start":{"line":60,"column":12},"end":{"line":62,"column":13}}]},"5":{"loc":{"start":{"line":73,"column":16},"end":{"line":75,"column":17}},"type":"if","locations":[{"start":{"line":73,"column":16},"end":{"line":75,"column":17}},{"start":{"line":73,"column":16},"end":{"line":75,"column":17}}]},"6":{"loc":{"start":{"line":83,"column":8},"end":{"line":119,"column":9}},"type":"if","locations":[{"start":{"line":83,"column":8},"end":{"line":119,"column":9}},{"start":{"line":83,"column":8},"end":{"line":119,"column":9}}]},"7":{"loc":{"start":{"line":101,"column":20},"end":{"line":103,"column":21}},"type":"if","locations":[{"start":{"line":101,"column":20},"end":{"line":103,"column":21}},{"start":{"line":101,"column":20},"end":{"line":103,"column":21}}]},"8":{"loc":{"start":{"line":108,"column":28},"end":{"line":109,"column":42}},"type":"if","locations":[{"start":{"line":108,"column":28},"end":{"line":109,"column":42}},{"start":{"line":108,"column":28},"end":{"line":109,"column":42}}]},"9":{"loc":{"start":{"line":131,"column":8},"end":{"line":136,"column":9}},"type":"if","locations":[{"start":{"line":131,"column":8},"end":{"line":136,"column":9}},{"start":{"line":131,"column":8},"end":{"line":136,"column":9}}]},"10":{"loc":{"start":{"line":138,"column":8},"end":{"line":141,"column":9}},"type":"if","locations":[{"start":{"line":138,"column":8},"end":{"line":141,"column":9}},{"start":{"line":138,"column":8},"end":{"line":141,"column":9}}]},"11":{"loc":{"start":{"line":142,"column":8},"end":{"line":159,"column":9}},"type":"if","locations":[{"start":{"line":142,"column":8},"end":{"line":159,"column":9}},{"start":{"line":142,"column":8},"end":{"line":159,"column":9}}]},"12":{"loc":{"start":{"line":145,"column":13},"end":{"line":159,"column":9}},"type":"if","locations":[{"start":{"line":145,"column":13},"end":{"line":159,"column":9}},{"start":{"line":145,"column":13},"end":{"line":159,"column":9}}]},"13":{"loc":{"start":{"line":148,"column":13},"end":{"line":159,"column":9}},"type":"if","locations":[{"start":{"line":148,"column":13},"end":{"line":159,"column":9}},{"start":{"line":148,"column":13},"end":{"line":159,"column":9}}]},"14":{"loc":{"start":{"line":151,"column":13},"end":{"line":159,"column":9}},"type":"if","locations":[{"start":{"line":151,"column":13},"end":{"line":159,"column":9}},{"start":{"line":151,"column":13},"end":{"line":159,"column":9}}]},"15":{"loc":{"start":{"line":151,"column":17},"end":{"line":151,"column":77}},"type":"binary-expr","locations":[{"start":{"line":151,"column":17},"end":{"line":151,"column":41}},{"start":{"line":151,"column":45},"end":{"line":151,"column":77}}]},"16":{"loc":{"start":{"line":154,"column":13},"end":{"line":159,"column":9}},"type":"if","locations":[{"start":{"line":154,"column":13},"end":{"line":159,"column":9}},{"start":{"line":154,"column":13},"end":{"line":159,"column":9}}]},"17":{"loc":{"start":{"line":162,"column":8},"end":{"line":164,"column":9}},"type":"if","locations":[{"start":{"line":162,"column":8},"end":{"line":164,"column":9}},{"start":{"line":162,"column":8},"end":{"line":164,"column":9}}]},"18":{"loc":{"start":{"line":166,"column":8},"end":{"line":168,"column":9}},"type":"if","locations":[{"start":{"line":166,"column":8},"end":{"line":168,"column":9}},{"start":{"line":166,"column":8},"end":{"line":168,"column":9}}]},"19":{"loc":{"start":{"line":169,"column":8},"end":{"line":171,"column":9}},"type":"if","locations":[{"start":{"line":169,"column":8},"end":{"line":171,"column":9}},{"start":{"line":169,"column":8},"end":{"line":171,"column":9}}]},"20":{"loc":{"start":{"line":174,"column":8},"end":{"line":192,"column":9}},"type":"if","locations":[{"start":{"line":174,"column":8},"end":{"line":192,"column":9}},{"start":{"line":174,"column":8},"end":{"line":192,"column":9}}]},"21":{"loc":{"start":{"line":174,"column":12},"end":{"line":174,"column":57}},"type":"binary-expr","locations":[{"start":{"line":174,"column":12},"end":{"line":174,"column":34}},{"start":{"line":174,"column":38},"end":{"line":174,"column":57}}]},"22":{"loc":{"start":{"line":180,"column":16},"end":{"line":190,"column":17}},"type":"if","locations":[{"start":{"line":180,"column":16},"end":{"line":190,"column":17}},{"start":{"line":180,"column":16},"end":{"line":190,"column":17}}]},"23":{"loc":{"start":{"line":182,"column":20},"end":{"line":186,"column":21}},"type":"if","locations":[{"start":{"line":182,"column":20},"end":{"line":186,"column":21}},{"start":{"line":182,"column":20},"end":{"line":186,"column":21}}]},"24":{"loc":{"start":{"line":182,"column":24},"end":{"line":184,"column":151}},"type":"binary-expr","locations":[{"start":{"line":182,"column":24},"end":{"line":182,"column":46}},{"start":{"line":182,"column":50},"end":{"line":182,"column":67}},{"start":{"line":182,"column":71},"end":{"line":182,"column":90}},{"start":{"line":182,"column":94},"end":{"line":182,"column":112}},{"start":{"line":182,"column":116},"end":{"line":182,"column":138}},{"start":{"line":182,"column":142},"end":{"line":182,"column":159}},{"start":{"line":183,"column":27},"end":{"line":183,"column":48}},{"start":{"line":183,"column":52},"end":{"line":183,"column":72}},{"start":{"line":183,"column":76},"end":{"line":183,"column":92}},{"start":{"line":183,"column":96},"end":{"line":183,"column":112}},{"start":{"line":183,"column":116},"end":{"line":183,"column":133}},{"start":{"line":183,"column":137},"end":{"line":183,"column":152}},{"start":{"line":183,"column":156},"end":{"line":183,"column":172}},{"start":{"line":183,"column":176},"end":{"line":183,"column":199}},{"start":{"line":184,"column":27},"end":{"line":184,"column":45}},{"start":{"line":184,"column":49},"end":{"line":184,"column":66}},{"start":{"line":184,"column":70},"end":{"line":184,"column":87}},{"start":{"line":184,"column":91},"end":{"line":184,"column":108}},{"start":{"line":184,"column":112},"end":{"line":184,"column":129}},{"start":{"line":184,"column":133},"end":{"line":184,"column":151}}]},"25":{"loc":{"start":{"line":193,"column":8},"end":{"line":195,"column":9}},"type":"if","locations":[{"start":{"line":193,"column":8},"end":{"line":195,"column":9}},{"start":{"line":193,"column":8},"end":{"line":195,"column":9}}]},"26":{"loc":{"start":{"line":208,"column":16},"end":{"line":210,"column":17}},"type":"if","locations":[{"start":{"line":208,"column":16},"end":{"line":210,"column":17}},{"start":{"line":208,"column":16},"end":{"line":210,"column":17}}]},"27":{"loc":{"start":{"line":212,"column":12},"end":{"line":214,"column":13}},"type":"if","locations":[{"start":{"line":212,"column":12},"end":{"line":214,"column":13}},{"start":{"line":212,"column":12},"end":{"line":214,"column":13}}]},"28":{"loc":{"start":{"line":217,"column":8},"end":{"line":219,"column":9}},"type":"if","locations":[{"start":{"line":217,"column":8},"end":{"line":219,"column":9}},{"start":{"line":217,"column":8},"end":{"line":219,"column":9}}]},"29":{"loc":{"start":{"line":220,"column":8},"end":{"line":240,"column":9}},"type":"if","locations":[{"start":{"line":220,"column":8},"end":{"line":240,"column":9}},{"start":{"line":220,"column":8},"end":{"line":240,"column":9}}]},"30":{"loc":{"start":{"line":222,"column":12},"end":{"line":239,"column":13}},"type":"if","locations":[{"start":{"line":222,"column":12},"end":{"line":239,"column":13}},{"start":{"line":222,"column":12},"end":{"line":239,"column":13}}]},"31":{"loc":{"start":{"line":222,"column":16},"end":{"line":222,"column":71}},"type":"binary-expr","locations":[{"start":{"line":222,"column":16},"end":{"line":222,"column":42}},{"start":{"line":222,"column":46},"end":{"line":222,"column":71}}]},"32":{"loc":{"start":{"line":228,"column":24},"end":{"line":230,"column":25}},"type":"if","locations":[{"start":{"line":228,"column":24},"end":{"line":230,"column":25}},{"start":{"line":228,"column":24},"end":{"line":230,"column":25}}]},"33":{"loc":{"start":{"line":232,"column":20},"end":{"line":234,"column":21}},"type":"if","locations":[{"start":{"line":232,"column":20},"end":{"line":234,"column":21}},{"start":{"line":232,"column":20},"end":{"line":234,"column":21}}]},"34":{"loc":{"start":{"line":247,"column":12},"end":{"line":281,"column":13}},"type":"if","locations":[{"start":{"line":247,"column":12},"end":{"line":281,"column":13}},{"start":{"line":247,"column":12},"end":{"line":281,"column":13}}]},"35":{"loc":{"start":{"line":249,"column":16},"end":{"line":251,"column":17}},"type":"if","locations":[{"start":{"line":249,"column":16},"end":{"line":251,"column":17}},{"start":{"line":249,"column":16},"end":{"line":251,"column":17}}]},"36":{"loc":{"start":{"line":253,"column":16},"end":{"line":277,"column":17}},"type":"if","locations":[{"start":{"line":253,"column":16},"end":{"line":277,"column":17}},{"start":{"line":253,"column":16},"end":{"line":277,"column":17}}]},"37":{"loc":{"start":{"line":253,"column":20},"end":{"line":253,"column":83}},"type":"binary-expr","locations":[{"start":{"line":253,"column":20},"end":{"line":253,"column":46}},{"start":{"line":253,"column":50},"end":{"line":253,"column":83}}]},"38":{"loc":{"start":{"line":255,"column":20},"end":{"line":273,"column":21}},"type":"if","locations":[{"start":{"line":255,"column":20},"end":{"line":273,"column":21}},{"start":{"line":255,"column":20},"end":{"line":273,"column":21}}]},"39":{"loc":{"start":{"line":255,"column":24},"end":{"line":255,"column":142}},"type":"binary-expr","locations":[{"start":{"line":255,"column":24},"end":{"line":255,"column":44}},{"start":{"line":255,"column":48},"end":{"line":255,"column":68}},{"start":{"line":255,"column":72},"end":{"line":255,"column":92}},{"start":{"line":255,"column":96},"end":{"line":255,"column":118}},{"start":{"line":255,"column":122},"end":{"line":255,"column":142}}]},"40":{"loc":{"start":{"line":257,"column":24},"end":{"line":269,"column":25}},"type":"if","locations":[{"start":{"line":257,"column":24},"end":{"line":269,"column":25}},{"start":{"line":257,"column":24},"end":{"line":269,"column":25}}]},"41":{"loc":{"start":{"line":258,"column":28},"end":{"line":262,"column":29}},"type":"if","locations":[{"start":{"line":258,"column":28},"end":{"line":262,"column":29}},{"start":{"line":258,"column":28},"end":{"line":262,"column":29}}]},"42":{"loc":{"start":{"line":258,"column":32},"end":{"line":260,"column":171}},"type":"binary-expr","locations":[{"start":{"line":258,"column":32},"end":{"line":258,"column":56}},{"start":{"line":258,"column":60},"end":{"line":258,"column":79}},{"start":{"line":258,"column":83},"end":{"line":258,"column":104}},{"start":{"line":258,"column":108},"end":{"line":258,"column":128}},{"start":{"line":258,"column":132},"end":{"line":258,"column":156}},{"start":{"line":258,"column":160},"end":{"line":258,"column":179}},{"start":{"line":259,"column":35},"end":{"line":259,"column":58}},{"start":{"line":259,"column":62},"end":{"line":259,"column":84}},{"start":{"line":259,"column":88},"end":{"line":259,"column":106}},{"start":{"line":259,"column":110},"end":{"line":259,"column":128}},{"start":{"line":259,"column":132},"end":{"line":259,"column":151}},{"start":{"line":259,"column":155},"end":{"line":259,"column":172}},{"start":{"line":259,"column":176},"end":{"line":259,"column":194}},{"start":{"line":259,"column":198},"end":{"line":259,"column":223}},{"start":{"line":260,"column":35},"end":{"line":260,"column":55}},{"start":{"line":260,"column":59},"end":{"line":260,"column":78}},{"start":{"line":260,"column":82},"end":{"line":260,"column":101}},{"start":{"line":260,"column":105},"end":{"line":260,"column":124}},{"start":{"line":260,"column":128},"end":{"line":260,"column":147}},{"start":{"line":260,"column":151},"end":{"line":260,"column":171}}]},"43":{"loc":{"start":{"line":265,"column":28},"end":{"line":268,"column":29}},"type":"if","locations":[{"start":{"line":265,"column":28},"end":{"line":268,"column":29}},{"start":{"line":265,"column":28},"end":{"line":268,"column":29}}]},"44":{"loc":{"start":{"line":265,"column":32},"end":{"line":266,"column":122}},"type":"binary-expr","locations":[{"start":{"line":265,"column":32},"end":{"line":265,"column":50}},{"start":{"line":265,"column":54},"end":{"line":265,"column":73}},{"start":{"line":265,"column":77},"end":{"line":265,"column":96}},{"start":{"line":265,"column":100},"end":{"line":265,"column":120}},{"start":{"line":266,"column":35},"end":{"line":266,"column":53}},{"start":{"line":266,"column":57},"end":{"line":266,"column":75}},{"start":{"line":266,"column":79},"end":{"line":266,"column":99}},{"start":{"line":266,"column":103},"end":{"line":266,"column":122}}]},"45":{"loc":{"start":{"line":286,"column":8},"end":{"line":288,"column":9}},"type":"if","locations":[{"start":{"line":286,"column":8},"end":{"line":288,"column":9}},{"start":{"line":286,"column":8},"end":{"line":288,"column":9}}]},"46":{"loc":{"start":{"line":294,"column":8},"end":{"line":380,"column":9}},"type":"switch","locations":[{"start":{"line":295,"column":12},"end":{"line":295,"column":22}},{"start":{"line":296,"column":12},"end":{"line":296,"column":22}},{"start":{"line":297,"column":12},"end":{"line":320,"column":17}},{"start":{"line":321,"column":12},"end":{"line":344,"column":17}},{"start":{"line":345,"column":12},"end":{"line":346,"column":56}},{"start":{"line":347,"column":12},"end":{"line":347,"column":23}},{"start":{"line":348,"column":12},"end":{"line":379,"column":17}}]},"47":{"loc":{"start":{"line":298,"column":16},"end":{"line":320,"column":17}},"type":"if","locations":[{"start":{"line":298,"column":16},"end":{"line":320,"column":17}},{"start":{"line":298,"column":16},"end":{"line":320,"column":17}}]},"48":{"loc":{"start":{"line":312,"column":20},"end":{"line":318,"column":21}},"type":"if","locations":[{"start":{"line":312,"column":20},"end":{"line":318,"column":21}},{"start":{"line":312,"column":20},"end":{"line":318,"column":21}}]},"49":{"loc":{"start":{"line":312,"column":24},"end":{"line":313,"column":83}},"type":"binary-expr","locations":[{"start":{"line":312,"column":24},"end":{"line":312,"column":39}},{"start":{"line":312,"column":43},"end":{"line":312,"column":59}},{"start":{"line":312,"column":63},"end":{"line":312,"column":79}},{"start":{"line":312,"column":83},"end":{"line":312,"column":100}},{"start":{"line":312,"column":104},"end":{"line":312,"column":119}},{"start":{"line":313,"column":27},"end":{"line":313,"column":42}},{"start":{"line":313,"column":46},"end":{"line":313,"column":63}},{"start":{"line":313,"column":67},"end":{"line":313,"column":83}}]},"50":{"loc":{"start":{"line":316,"column":25},"end":{"line":318,"column":21}},"type":"if","locations":[{"start":{"line":316,"column":25},"end":{"line":318,"column":21}},{"start":{"line":316,"column":25},"end":{"line":318,"column":21}}]},"51":{"loc":{"start":{"line":322,"column":16},"end":{"line":344,"column":17}},"type":"if","locations":[{"start":{"line":322,"column":16},"end":{"line":344,"column":17}},{"start":{"line":322,"column":16},"end":{"line":344,"column":17}}]},"52":{"loc":{"start":{"line":336,"column":20},"end":{"line":342,"column":21}},"type":"if","locations":[{"start":{"line":336,"column":20},"end":{"line":342,"column":21}},{"start":{"line":336,"column":20},"end":{"line":342,"column":21}}]},"53":{"loc":{"start":{"line":336,"column":24},"end":{"line":337,"column":88}},"type":"binary-expr","locations":[{"start":{"line":336,"column":24},"end":{"line":336,"column":40}},{"start":{"line":336,"column":44},"end":{"line":336,"column":58}},{"start":{"line":336,"column":62},"end":{"line":336,"column":84}},{"start":{"line":336,"column":88},"end":{"line":336,"column":105}},{"start":{"line":336,"column":109},"end":{"line":336,"column":125}},{"start":{"line":336,"column":129},"end":{"line":336,"column":149}},{"start":{"line":336,"column":153},"end":{"line":336,"column":174}},{"start":{"line":336,"column":178},"end":{"line":336,"column":196}},{"start":{"line":336,"column":200},"end":{"line":336,"column":216}},{"start":{"line":336,"column":220},"end":{"line":336,"column":239}},{"start":{"line":337,"column":27},"end":{"line":337,"column":43}},{"start":{"line":337,"column":47},"end":{"line":337,"column":68}},{"start":{"line":337,"column":72},"end":{"line":337,"column":88}}]},"54":{"loc":{"start":{"line":340,"column":25},"end":{"line":342,"column":21}},"type":"if","locations":[{"start":{"line":340,"column":25},"end":{"line":342,"column":21}},{"start":{"line":340,"column":25},"end":{"line":342,"column":21}}]},"55":{"loc":{"start":{"line":349,"column":16},"end":{"line":379,"column":17}},"type":"if","locations":[{"start":{"line":349,"column":16},"end":{"line":379,"column":17}},{"start":{"line":349,"column":16},"end":{"line":379,"column":17}}]},"56":{"loc":{"start":{"line":353,"column":20},"end":{"line":355,"column":21}},"type":"if","locations":[{"start":{"line":353,"column":20},"end":{"line":355,"column":21}},{"start":{"line":353,"column":20},"end":{"line":355,"column":21}}]},"57":{"loc":{"start":{"line":360,"column":24},"end":{"line":362,"column":25}},"type":"if","locations":[{"start":{"line":360,"column":24},"end":{"line":362,"column":25}},{"start":{"line":360,"column":24},"end":{"line":362,"column":25}}]},"58":{"loc":{"start":{"line":363,"column":24},"end":{"line":373,"column":25}},"type":"if","locations":[{"start":{"line":363,"column":24},"end":{"line":373,"column":25}},{"start":{"line":363,"column":24},"end":{"line":373,"column":25}}]},"59":{"loc":{"start":{"line":364,"column":28},"end":{"line":372,"column":29}},"type":"if","locations":[{"start":{"line":364,"column":28},"end":{"line":372,"column":29}},{"start":{"line":364,"column":28},"end":{"line":372,"column":29}}]},"60":{"loc":{"start":{"line":368,"column":32},"end":{"line":370,"column":33}},"type":"if","locations":[{"start":{"line":368,"column":32},"end":{"line":370,"column":33}},{"start":{"line":368,"column":32},"end":{"line":370,"column":33}}]},"61":{"loc":{"start":{"line":368,"column":36},"end":{"line":368,"column":72}},"type":"binary-expr","locations":[{"start":{"line":368,"column":36},"end":{"line":368,"column":49}},{"start":{"line":368,"column":53},"end":{"line":368,"column":72}}]},"62":{"loc":{"start":{"line":375,"column":20},"end":{"line":377,"column":21}},"type":"if","locations":[{"start":{"line":375,"column":20},"end":{"line":377,"column":21}},{"start":{"line":375,"column":20},"end":{"line":377,"column":21}}]},"63":{"loc":{"start":{"line":384,"column":8},"end":{"line":386,"column":9}},"type":"if","locations":[{"start":{"line":384,"column":8},"end":{"line":386,"column":9}},{"start":{"line":384,"column":8},"end":{"line":386,"column":9}}]},"64":{"loc":{"start":{"line":390,"column":8},"end":{"line":392,"column":9}},"type":"if","locations":[{"start":{"line":390,"column":8},"end":{"line":392,"column":9}},{"start":{"line":390,"column":8},"end":{"line":392,"column":9}}]},"65":{"loc":{"start":{"line":393,"column":8},"end":{"line":395,"column":9}},"type":"if","locations":[{"start":{"line":393,"column":8},"end":{"line":395,"column":9}},{"start":{"line":393,"column":8},"end":{"line":395,"column":9}}]},"66":{"loc":{"start":{"line":398,"column":12},"end":{"line":495,"column":13}},"type":"if","locations":[{"start":{"line":398,"column":12},"end":{"line":495,"column":13}},{"start":{"line":398,"column":12},"end":{"line":495,"column":13}}]},"67":{"loc":{"start":{"line":399,"column":16},"end":{"line":423,"column":17}},"type":"if","locations":[{"start":{"line":399,"column":16},"end":{"line":423,"column":17}},{"start":{"line":399,"column":16},"end":{"line":423,"column":17}}]},"68":{"loc":{"start":{"line":405,"column":24},"end":{"line":421,"column":25}},"type":"if","locations":[{"start":{"line":405,"column":24},"end":{"line":421,"column":25}},{"start":{"line":405,"column":24},"end":{"line":421,"column":25}}]},"69":{"loc":{"start":{"line":406,"column":28},"end":{"line":417,"column":29}},"type":"if","locations":[{"start":{"line":406,"column":28},"end":{"line":417,"column":29}},{"start":{"line":406,"column":28},"end":{"line":417,"column":29}}]},"70":{"loc":{"start":{"line":415,"column":33},"end":{"line":417,"column":29}},"type":"if","locations":[{"start":{"line":415,"column":33},"end":{"line":417,"column":29}},{"start":{"line":415,"column":33},"end":{"line":417,"column":29}}]},"71":{"loc":{"start":{"line":425,"column":17},"end":{"line":495,"column":13}},"type":"if","locations":[{"start":{"line":425,"column":17},"end":{"line":495,"column":13}},{"start":{"line":425,"column":17},"end":{"line":495,"column":13}}]},"72":{"loc":{"start":{"line":426,"column":16},"end":{"line":489,"column":17}},"type":"if","locations":[{"start":{"line":426,"column":16},"end":{"line":489,"column":17}},{"start":{"line":426,"column":16},"end":{"line":489,"column":17}}]},"73":{"loc":{"start":{"line":428,"column":20},"end":{"line":451,"column":21}},"type":"if","locations":[{"start":{"line":428,"column":20},"end":{"line":451,"column":21}},{"start":{"line":428,"column":20},"end":{"line":451,"column":21}}]},"74":{"loc":{"start":{"line":428,"column":24},"end":{"line":428,"column":87}},"type":"binary-expr","locations":[{"start":{"line":428,"column":24},"end":{"line":428,"column":42}},{"start":{"line":428,"column":46},"end":{"line":428,"column":64}},{"start":{"line":428,"column":68},"end":{"line":428,"column":87}}]},"75":{"loc":{"start":{"line":429,"column":24},"end":{"line":431,"column":25}},"type":"if","locations":[{"start":{"line":429,"column":24},"end":{"line":431,"column":25}},{"start":{"line":429,"column":24},"end":{"line":431,"column":25}}]},"76":{"loc":{"start":{"line":429,"column":28},"end":{"line":429,"column":98}},"type":"binary-expr","locations":[{"start":{"line":429,"column":28},"end":{"line":429,"column":60}},{"start":{"line":429,"column":64},"end":{"line":429,"column":98}}]},"77":{"loc":{"start":{"line":432,"column":24},"end":{"line":447,"column":25}},"type":"if","locations":[{"start":{"line":432,"column":24},"end":{"line":447,"column":25}},{"start":{"line":432,"column":24},"end":{"line":447,"column":25}}]},"78":{"loc":{"start":{"line":436,"column":32},"end":{"line":442,"column":33}},"type":"if","locations":[{"start":{"line":436,"column":32},"end":{"line":442,"column":33}},{"start":{"line":436,"column":32},"end":{"line":442,"column":33}}]},"79":{"loc":{"start":{"line":437,"column":36},"end":{"line":441,"column":37}},"type":"if","locations":[{"start":{"line":437,"column":36},"end":{"line":441,"column":37}},{"start":{"line":437,"column":36},"end":{"line":441,"column":37}}]},"80":{"loc":{"start":{"line":437,"column":42},"end":{"line":439,"column":101}},"type":"binary-expr","locations":[{"start":{"line":437,"column":42},"end":{"line":437,"column":73}},{"start":{"line":437,"column":77},"end":{"line":437,"column":83}},{"start":{"line":437,"column":87},"end":{"line":437,"column":95}},{"start":{"line":437,"column":99},"end":{"line":437,"column":106}},{"start":{"line":437,"column":110},"end":{"line":437,"column":121}},{"start":{"line":437,"column":125},"end":{"line":437,"column":131}},{"start":{"line":438,"column":43},"end":{"line":438,"column":53}},{"start":{"line":438,"column":57},"end":{"line":438,"column":66}},{"start":{"line":438,"column":70},"end":{"line":438,"column":75}},{"start":{"line":438,"column":79},"end":{"line":438,"column":84}},{"start":{"line":438,"column":88},"end":{"line":438,"column":94}},{"start":{"line":438,"column":98},"end":{"line":438,"column":102}},{"start":{"line":438,"column":106},"end":{"line":438,"column":111}},{"start":{"line":438,"column":115},"end":{"line":438,"column":120}},{"start":{"line":438,"column":124},"end":{"line":438,"column":136}},{"start":{"line":439,"column":43},"end":{"line":439,"column":50}},{"start":{"line":439,"column":54},"end":{"line":439,"column":60}},{"start":{"line":439,"column":64},"end":{"line":439,"column":70}},{"start":{"line":439,"column":74},"end":{"line":439,"column":80}},{"start":{"line":439,"column":84},"end":{"line":439,"column":90}},{"start":{"line":439,"column":94},"end":{"line":439,"column":101}}]},"81":{"loc":{"start":{"line":454,"column":24},"end":{"line":462,"column":25}},"type":"if","locations":[{"start":{"line":454,"column":24},"end":{"line":462,"column":25}},{"start":{"line":454,"column":24},"end":{"line":462,"column":25}}]},"82":{"loc":{"start":{"line":465,"column":21},"end":{"line":489,"column":17}},"type":"if","locations":[{"start":{"line":465,"column":21},"end":{"line":489,"column":17}},{"start":{"line":465,"column":21},"end":{"line":489,"column":17}}]},"83":{"loc":{"start":{"line":465,"column":25},"end":{"line":465,"column":97}},"type":"binary-expr","locations":[{"start":{"line":465,"column":25},"end":{"line":465,"column":61}},{"start":{"line":465,"column":66},"end":{"line":465,"column":96}}]},"84":{"loc":{"start":{"line":473,"column":20},"end":{"line":475,"column":21}},"type":"if","locations":[{"start":{"line":473,"column":20},"end":{"line":475,"column":21}},{"start":{"line":473,"column":20},"end":{"line":475,"column":21}}]},"85":{"loc":{"start":{"line":477,"column":21},"end":{"line":489,"column":17}},"type":"if","locations":[{"start":{"line":477,"column":21},"end":{"line":489,"column":17}},{"start":{"line":477,"column":21},"end":{"line":489,"column":17}}]},"86":{"loc":{"start":{"line":482,"column":24},"end":{"line":484,"column":25}},"type":"if","locations":[{"start":{"line":482,"column":24},"end":{"line":484,"column":25}},{"start":{"line":482,"column":24},"end":{"line":484,"column":25}}]},"87":{"loc":{"start":{"line":486,"column":20},"end":{"line":488,"column":21}},"type":"if","locations":[{"start":{"line":486,"column":20},"end":{"line":488,"column":21}},{"start":{"line":486,"column":20},"end":{"line":488,"column":21}}]},"88":{"loc":{"start":{"line":491,"column":17},"end":{"line":495,"column":13}},"type":"if","locations":[{"start":{"line":491,"column":17},"end":{"line":495,"column":13}},{"start":{"line":491,"column":17},"end":{"line":495,"column":13}}]},"89":{"loc":{"start":{"line":492,"column":16},"end":{"line":494,"column":17}},"type":"if","locations":[{"start":{"line":492,"column":16},"end":{"line":494,"column":17}},{"start":{"line":492,"column":16},"end":{"line":494,"column":17}}]},"90":{"loc":{"start":{"line":505,"column":12},"end":{"line":510,"column":13}},"type":"if","locations":[{"start":{"line":505,"column":12},"end":{"line":510,"column":13}},{"start":{"line":505,"column":12},"end":{"line":510,"column":13}}]},"91":{"loc":{"start":{"line":506,"column":16},"end":{"line":508,"column":17}},"type":"if","locations":[{"start":{"line":506,"column":16},"end":{"line":508,"column":17}},{"start":{"line":506,"column":16},"end":{"line":508,"column":17}}]},"92":{"loc":{"start":{"line":518,"column":8},"end":{"line":528,"column":9}},"type":"if","locations":[{"start":{"line":518,"column":8},"end":{"line":528,"column":9}},{"start":{"line":518,"column":8},"end":{"line":528,"column":9}}]},"93":{"loc":{"start":{"line":519,"column":12},"end":{"line":524,"column":13}},"type":"if","locations":[{"start":{"line":519,"column":12},"end":{"line":524,"column":13}},{"start":{"line":519,"column":12},"end":{"line":524,"column":13}}]},"94":{"loc":{"start":{"line":526,"column":13},"end":{"line":528,"column":9}},"type":"if","locations":[{"start":{"line":526,"column":13},"end":{"line":528,"column":9}},{"start":{"line":526,"column":13},"end":{"line":528,"column":9}}]},"95":{"loc":{"start":{"line":529,"column":8},"end":{"line":594,"column":9}},"type":"switch","locations":[{"start":{"line":530,"column":12},"end":{"line":530,"column":23}},{"start":{"line":531,"column":12},"end":{"line":531,"column":24}},{"start":{"line":532,"column":12},"end":{"line":532,"column":24}},{"start":{"line":533,"column":12},"end":{"line":533,"column":25}},{"start":{"line":534,"column":12},"end":{"line":534,"column":23}},{"start":{"line":535,"column":12},"end":{"line":535,"column":23}},{"start":{"line":536,"column":12},"end":{"line":536,"column":25}},{"start":{"line":537,"column":12},"end":{"line":549,"column":35}},{"start":{"line":550,"column":12},"end":{"line":550,"column":24}},{"start":{"line":551,"column":12},"end":{"line":551,"column":30}},{"start":{"line":552,"column":12},"end":{"line":552,"column":25}},{"start":{"line":553,"column":12},"end":{"line":553,"column":28}},{"start":{"line":554,"column":12},"end":{"line":554,"column":29}},{"start":{"line":555,"column":12},"end":{"line":555,"column":24}},{"start":{"line":556,"column":12},"end":{"line":556,"column":24}},{"start":{"line":557,"column":12},"end":{"line":557,"column":29}},{"start":{"line":558,"column":12},"end":{"line":558,"column":24}},{"start":{"line":559,"column":12},"end":{"line":574,"column":36}},{"start":{"line":575,"column":12},"end":{"line":575,"column":22}},{"start":{"line":576,"column":12},"end":{"line":576,"column":24}},{"start":{"line":577,"column":12},"end":{"line":577,"column":26}},{"start":{"line":578,"column":12},"end":{"line":593,"column":36}}]},"96":{"loc":{"start":{"line":538,"column":16},"end":{"line":543,"column":17}},"type":"if","locations":[{"start":{"line":538,"column":16},"end":{"line":543,"column":17}},{"start":{"line":538,"column":16},"end":{"line":543,"column":17}}]},"97":{"loc":{"start":{"line":544,"column":16},"end":{"line":548,"column":17}},"type":"if","locations":[{"start":{"line":544,"column":16},"end":{"line":548,"column":17}},{"start":{"line":544,"column":16},"end":{"line":548,"column":17}}]},"98":{"loc":{"start":{"line":545,"column":20},"end":{"line":547,"column":21}},"type":"if","locations":[{"start":{"line":545,"column":20},"end":{"line":547,"column":21}},{"start":{"line":545,"column":20},"end":{"line":547,"column":21}}]},"99":{"loc":{"start":{"line":545,"column":24},"end":{"line":545,"column":88}},"type":"binary-expr","locations":[{"start":{"line":545,"column":24},"end":{"line":545,"column":47}},{"start":{"line":545,"column":51},"end":{"line":545,"column":88}}]},"100":{"loc":{"start":{"line":562,"column":16},"end":{"line":569,"column":17}},"type":"if","locations":[{"start":{"line":562,"column":16},"end":{"line":569,"column":17}},{"start":{"line":562,"column":16},"end":{"line":569,"column":17}}]},"101":{"loc":{"start":{"line":570,"column":35},"end":{"line":570,"column":61}},"type":"cond-expr","locations":[{"start":{"line":570,"column":43},"end":{"line":570,"column":45}},{"start":{"line":570,"column":48},"end":{"line":570,"column":61}}]},"102":{"loc":{"start":{"line":570,"column":48},"end":{"line":570,"column":61}},"type":"cond-expr","locations":[{"start":{"line":570,"column":56},"end":{"line":570,"column":57}},{"start":{"line":570,"column":60},"end":{"line":570,"column":61}}]},"103":{"loc":{"start":{"line":571,"column":16},"end":{"line":573,"column":17}},"type":"if","locations":[{"start":{"line":571,"column":16},"end":{"line":573,"column":17}},{"start":{"line":571,"column":16},"end":{"line":573,"column":17}}]},"104":{"loc":{"start":{"line":571,"column":20},"end":{"line":571,"column":106}},"type":"binary-expr","locations":[{"start":{"line":571,"column":20},"end":{"line":571,"column":38}},{"start":{"line":571,"column":42},"end":{"line":571,"column":79}},{"start":{"line":571,"column":83},"end":{"line":571,"column":106}}]},"105":{"loc":{"start":{"line":581,"column":16},"end":{"line":588,"column":17}},"type":"if","locations":[{"start":{"line":581,"column":16},"end":{"line":588,"column":17}},{"start":{"line":581,"column":16},"end":{"line":588,"column":17}}]},"106":{"loc":{"start":{"line":589,"column":35},"end":{"line":589,"column":61}},"type":"cond-expr","locations":[{"start":{"line":589,"column":43},"end":{"line":589,"column":45}},{"start":{"line":589,"column":48},"end":{"line":589,"column":61}}]},"107":{"loc":{"start":{"line":589,"column":48},"end":{"line":589,"column":61}},"type":"cond-expr","locations":[{"start":{"line":589,"column":56},"end":{"line":589,"column":57}},{"start":{"line":589,"column":60},"end":{"line":589,"column":61}}]},"108":{"loc":{"start":{"line":590,"column":16},"end":{"line":592,"column":17}},"type":"if","locations":[{"start":{"line":590,"column":16},"end":{"line":592,"column":17}},{"start":{"line":590,"column":16},"end":{"line":592,"column":17}}]},"109":{"loc":{"start":{"line":590,"column":20},"end":{"line":590,"column":106}},"type":"binary-expr","locations":[{"start":{"line":590,"column":20},"end":{"line":590,"column":38}},{"start":{"line":590,"column":42},"end":{"line":590,"column":79}},{"start":{"line":590,"column":83},"end":{"line":590,"column":106}}]}},"s":{"0":1,"1":1,"2":1,"3":1,"4":1,"5":1,"6":5,"7":5,"8":5,"9":5,"10":1,"11":5948,"12":5948,"13":5948,"14":5948,"15":64672,"16":64672,"17":64672,"18":64672,"19":64672,"20":64672,"21":64672,"22":64672,"23":64672,"24":64672,"25":64672,"26":64672,"27":64672,"28":64672,"29":24633,"30":64672,"31":64672,"32":5948,"33":1,"34":7,"35":7,"36":7,"37":7,"38":1,"39":4,"40":4,"41":4,"42":4,"43":0,"44":3,"45":5948,"46":5948,"47":3,"48":3,"49":5948,"50":5948,"51":5948,"52":3,"53":1,"54":3,"55":0,"56":1,"57":7,"58":2,"59":2,"60":2,"61":0,"62":5,"63":5,"64":5,"65":5,"66":5,"67":4,"68":4,"69":4,"70":4,"71":1,"72":4,"73":2,"74":2,"75":2,"76":2,"77":0,"78":2,"79":2,"80":1,"81":1,"82":24,"83":24,"84":8,"85":8,"86":1,"87":32,"88":32,"89":32,"90":0,"91":32,"92":32,"93":32,"94":4,"95":4,"96":32,"97":16,"98":16,"99":7,"100":9,"101":0,"102":9,"103":0,"104":9,"105":0,"106":9,"107":1,"108":4,"109":0,"110":4,"111":4,"112":0,"113":4,"114":0,"115":4,"116":4,"117":4,"118":0,"119":4,"120":4,"121":4,"122":4,"123":4,"124":0,"125":0,"126":4,"127":0,"128":4,"129":4,"130":5,"131":5,"132":5,"133":4,"134":4,"135":8,"136":8,"137":8,"138":18,"139":18,"140":8,"141":8,"142":0,"143":4,"144":4,"145":0,"146":4,"147":4,"148":4,"149":4,"150":8,"151":8,"152":8,"153":16,"154":16,"155":8,"156":8,"157":0,"158":0,"159":4,"160":1,"161":4,"162":4,"163":5,"164":5,"165":5,"166":5,"167":0,"168":5,"169":5,"170":5,"171":5,"172":5,"173":5,"174":2,"175":0,"176":3,"177":0,"178":0,"179":0,"180":0,"181":4,"182":1,"183":55,"184":1,"185":54,"186":54,"187":54,"188":54,"189":54,"190":54,"191":25,"192":2,"193":23,"194":23,"195":23,"196":12,"197":12,"198":12,"199":11,"200":11,"201":0,"202":11,"203":0,"204":11,"205":14,"206":1,"207":13,"208":13,"209":13,"210":4,"211":4,"212":4,"213":9,"214":9,"215":0,"216":9,"217":0,"218":9,"219":2,"220":12,"221":1,"222":11,"223":1,"224":10,"225":10,"226":10,"227":21,"228":21,"229":0,"230":21,"231":21,"232":1,"233":20,"234":0,"235":20,"236":9,"237":0,"238":9,"239":1,"240":1,"241":32,"242":1,"243":31,"244":31,"245":31,"246":1,"247":30,"248":1,"249":29,"250":46,"251":46,"252":29,"253":1,"254":28,"255":38,"256":38,"257":37,"258":33,"259":33,"260":33,"261":18,"262":4,"263":0,"264":1,"265":17,"266":8,"267":5,"268":5,"269":5,"270":0,"271":5,"272":5,"273":5,"274":9,"275":9,"276":5,"277":0,"278":0,"279":0,"280":5,"281":9,"282":9,"283":5,"284":5,"285":5,"286":0,"287":3,"288":3,"289":3,"290":3,"291":0,"292":3,"293":0,"294":0,"295":0,"296":0,"297":0,"298":0,"299":0,"300":0,"301":0,"302":0,"303":9,"304":9,"305":0,"306":9,"307":1,"308":7,"309":7,"310":7,"311":7,"312":8917,"313":8917,"314":1289,"315":0,"316":1289,"317":8917,"318":8917,"319":7,"320":1,"321":9145,"322":7628,"323":7628,"324":0,"325":1517,"326":1517,"327":9145,"328":7412,"329":0,"330":7412,"331":7412,"332":408,"333":0,"334":7412,"335":273,"336":228,"337":228,"338":45,"339":45,"340":273,"341":273,"342":0,"343":273,"344":1460,"345":1289,"346":1289,"347":171,"348":171,"349":1460,"350":1460,"351":228,"352":1460,"353":1,"354":11,"355":11,"356":66672,"357":66672,"358":66672,"359":199774,"360":199774,"361":66672,"362":11,"363":1,"364":1,"365":1},"f":{"0":1,"1":0,"2":1,"3":5,"4":5948,"5":7,"6":7,"7":7,"8":4,"9":4,"10":3,"11":0,"12":7,"13":2,"14":2,"15":0,"16":5,"17":4,"18":2,"19":2,"20":2,"21":1,"22":24,"23":32,"24":4,"25":4,"26":55,"27":32,"28":7,"29":8917,"30":9145,"31":11},"b":{"0":[5948,0],"1":[5948,0],"2":[64672,0],"3":[24633,40039],"4":[0,3],"5":[1,2],"6":[2,5],"7":[1,3],"8":[0,2],"9":[0,32],"10":[4,28],"11":[16,16],"12":[7,9],"13":[0,9],"14":[0,9],"15":[9,4],"16":[0,9],"17":[0,4],"18":[0,4],"19":[0,4],"20":[0,4],"21":[4,4],"22":[4,0],"23":[0,4],"24":[4,1,1,1,1,1,1,1,1,1,1,0,0,0,0,0,0,0,0,0],"25":[0,4],"26":[8,10],"27":[0,8],"28":[0,4],"29":[4,0],"30":[4,0],"31":[4,4],"32":[8,8],"33":[0,8],"34":[5,0],"35":[0,5],"36":[5,0],"37":[5,5],"38":[5,0],"39":[5,2,2,2,0],"40":[2,3],"41":[0,2],"42":[2,2,2,2,2,2,2,2,2,2,2,2,2,2,1,1,1,1,0,0],"43":[0,3],"44":[3,3,3,3,3,3,3,0],"45":[1,54],"46":[16,18,25,14,2,7,12],"47":[2,23],"48":[0,11],"49":[11,4,4,4,4,4,4,0],"50":[0,11],"51":[1,13],"52":[0,9],"53":[9,5,5,4,4,4,4,1,1,1,1,1,0],"54":[0,9],"55":[1,11],"56":[1,10],"57":[0,21],"58":[21,0],"59":[1,20],"60":[0,20],"61":[20,11],"62":[0,9],"63":[1,31],"64":[1,30],"65":[1,29],"66":[29,17],"67":[1,28],"68":[37,1],"69":[33,4],"70":[0,4],"71":[8,9],"72":[5,3],"73":[5,0],"74":[5,5,5],"75":[0,5],"76":[5,4],"77":[5,0],"78":[5,4],"79":[0,5],"80":[5,1,0,0,0,0,0,0,0,0,0,0,0,0,0,0,0,0,0,0,0],"81":[5,4],"82":[3,0],"83":[3,3],"84":[0,3],"85":[0,0],"86":[0,0],"87":[0,0],"88":[9,0],"89":[0,9],"90":[1289,7628],"91":[0,1289],"92":[7628,1517],"93":[7628,0],"94":[1517,0],"95":[7412,7412,7412,7412,7412,7412,7412,7412,273,273,273,273,273,273,273,273,273,273,171,171,171,1460],"96":[0,7412],"97":[408,7004],"98":[0,408],"99":[408,0],"100":[228,45],"101":[105,168],"102":[126,42],"103":[0,273],"104":[273,42,42],"105":[1289,171],"106":[498,962],"107":[703,259],"108":[228,1232],"109":[1460,259,259]},"_coverageSchema":"332fd63041d2c1bcb487cc26dd0d5f7d97098a6c","hash":"fce1a0701fc0e003f2946e9278fb3bf32bdedb04","contentHash":"853dca05ed74b84d130601594df4d536_10.0.0"},"/mnt/e/courses/CPSC310/D2/cpsc310project_team181/src/controller/Rooms.js":{"path":"/mnt/e/courses/CPSC310/D2/cpsc310project_team181/src/controller/Rooms.js","statementMap":{"0":{"start":{"line":2,"column":13},"end":{"line":368,"column":3}},"1":{"start":{"line":5,"column":4},"end":{"line":23,"column":6}},"2":{"start":{"line":7,"column":20},"end":{"line":7,"column":36}},"3":{"start":{"line":8,"column":19},"end":{"line":8,"column":21}},"4":{"start":{"line":9,"column":8},"end":{"line":22,"column":11}},"5":{"start":{"line":10,"column":12},"end":{"line":21,"column":15}},"6":{"start":{"line":11,"column":28},"end":{"line":11,"column":40}},"7":{"start":{"line":12,"column":16},"end":{"line":12,"column":42}},"8":{"start":{"line":13,"column":16},"end":{"line":17,"column":19}},"9":{"start":{"line":14,"column":20},"end":{"line":14,"column":36}},"10":{"start":{"line":16,"column":20},"end":{"line":16,"column":30}},"11":{"start":{"line":19,"column":16},"end":{"line":19,"column":31}},"12":{"start":{"line":20,"column":16},"end":{"line":20,"column":26}},"13":{"start":{"line":24,"column":4},"end":{"line":93,"column":6}},"14":{"start":{"line":25,"column":8},"end":{"line":92,"column":11}},"15":{"start":{"line":26,"column":28},"end":{"line":26,"column":30}},"16":{"start":{"line":27,"column":31},"end":{"line":27,"column":33}},"17":{"start":{"line":28,"column":23},"end":{"line":28,"column":25}},"18":{"start":{"line":29,"column":12},"end":{"line":91,"column":15}},"19":{"start":{"line":30,"column":26},"end":{"line":30,"column":52}},"20":{"start":{"line":31,"column":16},"end":{"line":33,"column":17}},"21":{"start":{"line":32,"column":20},"end":{"line":32,"column":39}},"22":{"start":{"line":34,"column":16},"end":{"line":42,"column":17}},"23":{"start":{"line":35,"column":31},"end":{"line":35,"column":37}},"24":{"start":{"line":36,"column":32},"end":{"line":36,"column":45}},"25":{"start":{"line":37,"column":20},"end":{"line":41,"column":21}},"26":{"start":{"line":38,"column":24},"end":{"line":40,"column":25}},"27":{"start":{"line":39,"column":39},"end":{"line":39,"column":43}},"28":{"start":{"line":43,"column":16},"end":{"line":51,"column":17}},"29":{"start":{"line":44,"column":31},"end":{"line":44,"column":37}},"30":{"st
[...]
start":{"line":103,"column":28},"end":{"line":103,"column":48}},"75":{"start":{"line":104,"column":28},"end":{"line":104,"column":34}},"76":{"start":{"line":106,"column":38},"end":{"line":106,"column":39}},"77":{"start":{"line":107,"column":28},"end":{"line":110,"column":29}},"78":{"start":{"line":108,"column":43},"end":{"line":108,"column":49}},"79":{"start":{"line":109,"column":32},"end":{"line":109,"column":57}},"80":{"start":{"line":111,"column":28},"end":{"line":111,"column":48}},"81":{"start":{"line":112,"column":28},"end":{"line":112,"column":34}},"82":{"start":{"line":114,"column":36},"end":{"line":114,"column":38}},"83":{"start":{"line":115,"column":28},"end":{"line":121,"column":29}},"84":{"start":{"line":116,"column":43},"end":{"line":116,"column":49}},"85":{"start":{"line":117,"column":41},"end":{"line":117,"column":58}},"86":{"start":{"line":118,"column":32},"end":{"line":120,"column":33}},"87":{"start":{"line":119,"column":36},"end":{"line":119,"column":47}},"88":{"start":{"line":122,"column":28},"end":{"line":122,"column":53}},"89":{"start":{"line":123,"column":28},"end":{"line":123,"column":34}},"90":{"start":{"line":128,"column":19},"end":{"line":128,"column":38}},"91":{"start":{"line":129,"column":8},"end":{"line":138,"column":9}},"92":{"start":{"line":130,"column":22},"end":{"line":130,"column":24}},"93":{"start":{"line":131,"column":12},"end":{"line":133,"column":13}},"94":{"start":{"line":132,"column":16},"end":{"line":132,"column":61}},"95":{"start":{"line":134,"column":12},"end":{"line":136,"column":13}},"96":{"start":{"line":135,"column":16},"end":{"line":135,"column":48}},"97":{"start":{"line":137,"column":12},"end":{"line":137,"column":31}},"98":{"start":{"line":139,"column":8},"end":{"line":139,"column":24}},"99":{"start":{"line":141,"column":4},"end":{"line":202,"column":6}},"100":{"start":{"line":142,"column":23},"end":{"line":142,"column":25}},"101":{"start":{"line":143,"column":21},"end":{"line":143,"column":23}},"102":{"start":{"line":144,"column":21},"end":{"line":144,"column":23}},"103":{"start":{"line":145,"column":23},"end":{"line":145,"column":25}},"104":{"start":{"line":147,"column":25},"end":{"line":147,"column":27}},"105":{"start":{"line":149,"column":23},"end":{"line":149,"column":25}},"106":{"start":{"line":151,"column":21},"end":{"line":151,"column":23}},"107":{"start":{"line":152,"column":20},"end":{"line":152,"column":22}},"108":{"start":{"line":153,"column":8},"end":{"line":161,"column":9}},"109":{"start":{"line":154,"column":23},"end":{"line":154,"column":37}},"110":{"start":{"line":155,"column":12},"end":{"line":155,"column":39}},"111":{"start":{"line":156,"column":12},"end":{"line":156,"column":31}},"112":{"start":{"line":157,"column":12},"end":{"line":157,"column":46}},"113":{"start":{"line":158,"column":12},"end":{"line":158,"column":35}},"114":{"start":{"line":159,"column":12},"end":{"line":159,"column":35}},"115":{"start":{"line":160,"column":12},"end":{"line":160,"column":31}},"116":{"start":{"line":162,"column":8},"end":{"line":190,"column":9}},"117":{"start":{"line":163,"column":20},"end":{"line":163,"column":31}},"118":{"start":{"line":164,"column":20},"end":{"line":164,"column":24}},"119":{"start":{"line":165,"column":30},"end":{"line":167,"column":14}},"120":{"start":{"line":166,"column":16},"end":{"line":166,"column":30}},"121":{"start":{"line":168,"column":30},"end":{"line":170,"column":14}},"122":{"start":{"line":169,"column":16},"end":{"line":169,"column":30}},"123":{"start":{"line":171,"column":12},"end":{"line":178,"column":13}},"124":{"start":{"line":172,"column":16},"end":{"line":177,"column":17}},"125":{"start":{"line":173,"column":20},"end":{"line":173,"column":46}},"126":{"start":{"line":175,"column":20},"end":{"line":175,"column":35}},"127":{"start":{"line":176,"column":20},"end":{"line":176,"column":30}},"128":{"start":{"line":179,"column":12},"end":{"line":189,"column":13}},"129":{"start":{"line":180,"column":16},"end":{"line":180,"column":41}},"130":{"start":{"line":181,"column":16},"end":{"line":181,"column":41}},"131":{"start":{"line":182,"column":16},"end":{"line":186,"column":17}},"132":{"start":{"line":183,"column":20},"end":{"line":185,"column":21}},"133":{"start":{"line":184,"column":24},"end":{"line":184,"column":57}},"134":{"start":{"line":187,"column":16},"end":{"line":187,"column":31}},"135":{"start":{"line":188,"column":16},"end":{"line":188,"column":40}},"136":{"start":{"line":191,"column":8},"end":{"line":200,"column":9}},"137":{"start":{"line":192,"column":22},"end":{"line":192,"column":24}},"138":{"start":{"line":193,"column":12},"end":{"line":195,"column":13}},"139":{"start":{"line":194,"column":16},"end":{"line":194,"column":48}},"140":{"start":{"line":196,"column":12},"end":{"line":198,"column":13}},"141":{"start":{"line":197,"column":16},"end":{"line":197,"column":48}},"142":{"start":{"line":199,"column":12},"end":{"line":199,"column":31}},"143":{"start":{"line":201,"column":8},"end":{"line":201,"column":24}},"144":{"start":{"line":203,"column":4},"end":{"line":203,"column":23}},"145":{"start":{"line":205,"column":0},"end":{"line":205,"column":62}},"146":{"start":{"line":206,"column":0},"end":{"line":206,"column":30}}},"fnMap":{"0":{"name":"(anonymous_0)","decl":{"start":{"line":3,"column":19},"end":{"line":3,"column":20}},"loc":{"start":{"line":3,"column":31},"end":{"line":204,"column":1}}},"1":{"name":"Aggregation","decl":{"start":{"line":4,"column":13},"end":{"line":4,"column":24}},"loc":{"start":{"line":4,"column":27},"end":{"line":5,"column":5}}},"2":{"name":"(anonymous_2)","decl":{"start":{"line":6,"column":24},"end":{"line":6,"column":25}},"loc":{"start":{"line":6,"column":59},"end":{"line":31,"column":5}}},"3":{"name":"(anonymous_3)","decl":{"start":{"line":32,"column":27},"end":{"line":32,"column":28}},"loc":{"start":{"line":32,"column":62},"end":{"line":140,"column":5}}},"4":{"name":"(anonymous_4)","decl":{"start":{"line":141,"column":26},"end":{"line":141,"column":27}},"loc":{"start":{"line":141,"column":63},"end":{"line":202,"column":5}}},"5":{"name":"(anonymous_5)","decl":{"start":{"line":165,"column":43},"end":{"line":165,"column":44}},"loc":{"start":{"line":165,"column":58},"end":{"line":167,"column":13}}},"6":{"name":"(anonymous_6)","decl":{"start":{"line":168,"column":43},"end":{"line":168,"column":44}},"loc":{"start":{"line":168,"column":58},"end":{"line":170,"column":13}}},"7":{"name":"(anonymous_7)","decl":{"start":{"line":172,"column":38},"end":{"line":172,"column":39}},"loc":{"start":{"line":172,"column":54},"end":{"line":174,"column":17}}}},"branchMap":{"0":{"loc":{"start":{"line":28,"column":12},"end":{"line":29,"column":13}},"type":"if","locations":[{"start":{"line":28,"column":12},"end":{"line":29,"column":13}},{"start":{"line":28,"column":12},"end":{"line":29,"column":13}}]},"1":{"loc":{"start":{"line":60,"column":12},"end":{"line":66,"column":13}},"type":"if","locations":[{"start":{"line":60,"column":12},"end":{"line":66,"column":13}},{"start":{"line":60,"column":12},"end":{"line":66,"column":13}}]},"2":{"loc":{"start":{"line":71,"column":16},"end":{"line":125,"column":17}},"type":"if","locations":[{"start":{"line":71,"column":16},"end":{"line":125,"column":17}},{"start":{"line":71,"column":16},"end":{"line":125,"column":17}}]},"3":{"loc":{"start":{"line":72,"column":20},"end":{"line":124,"column":21}},"type":"switch","locations":[{"start":{"line":73,"column":24},"end":{"line":83,"column":34}},{"start":{"line":84,"column":24},"end":{"line":94,"column":34}},{"start":{"line":95,"column":24},"end":{"line":104,"column":34}},{"start":{"line":105,"column":24},"end":{"line":112,"column":34}},{"start":{"line":113,"column":24},"end":{"line":123,"column":34}}]},"4":{"loc":{"start":{"line":78,"column":32},"end":{"line":80,"column":33}},"type":"if","locations":[{"start":{"line":78,"column":32},"end":{"line":80,"column":33}},{"start":{"line":78,"column":32},"end":{"line":80,"column":33}}]},"5":{"loc":{"start":{"line":89,"column":32},"end":{"line":91,"column":33}},"type":"if","locations":[{"start":{"line":89,"column":32},"end":{"line":91,"column":33}},{"start":{"line":89,"column":32},"end":{"line":91,"column":33}}]},"6":{"loc":{"start":{"line":118,"column":32},"end":{"line":120,"column":33}},"type":"if","locations":[{"start":{"line":118,"column":32},"end":{"line":120,"column":33}},{"start":{"line":118,"column":32},"end":{"line":120,"column":33}}]},"7":{"loc":{"start":{"line":172,"column":16},"end":{"line":177,"column":17}},"type":"if","locations":[{"start":{"line":172,"column":16},"end":{"line":177,"column":17}},{"start":{"line":172,"column":16},"end":{"line":177,"column":17}}]},"8":{"loc":{"start":{"line":179,"column":12},"end":{"line":189,"column":13}},"type":"if","locations":[{"start":{"line":179,"column":12},"end":{"line":189,"column":13}},{"start":{"line":179,"column":12},"end":{"line":189,"column":13}}]},"9":{"loc":{"start":{"line":183,"column":20},"end":{"line":185,"column":21}},"type":"if","locations":[{"start":{"line":183,"column":20},"end":{"line":185,"column":21}},{"start":{"line":183,"column":20},"end":{"line":185,"column":21}}]}},"s":{"0":1,"1":1,"2":1,"3":0,"4":0,"5":0,"6":0,"7":0,"8":0,"9":0,"10":0,"11":0,"12":0,"13":0,"14":0,"15":0,"16":0,"17":0,"18":0,"19":0,"20":1,"21":3,"22":3,"23":3,"24":3,"25":3,"26":3,"27":3,"28":4,"29":4,"30":4,"31":4,"32":4,"33":4,"34":4,"35":3,"36":3,"37":64611,"38":64611,"39":64611,"40":64611,"41":64611,"42":64611,"43":64611,"44":64421,"45":64421,"46":190,"47":3,"48":4,"49":4,"50":379,"51":379,"52":1,"53":1,"54":1,"55":1,"56":1,"57":1,"58":1,"59":1,"60":0,"61":0,"62":0,"63":0,"64":0,"65":0,"66":0,"67":0,"68":0,"69":0,"70":0,"71":0,"72":0,"73":0,"74":0,"75":0,"76":0,"77":0,"78":0,"79":0,"80":0,"81":0,"82":378,"83":378,"84":129220,"85":129220,"86":129220,"87":8541,"88":378,"89":378,"90":3,"91":3,"92":190,"93":190,"94":190,"95":190,"96":379,"97":190,"98":3,"99":1,"100":0,"101":0,"102":0,"103":0,"104":0,"105":0,"106":0,"107":0,"108":0,"109":0,"110":0,"111":0,"112":0,"113":0,"114":0,"115":0,"116":0,"117":0,"118":0,"119":0,"120":0,"121":0,"122":0,"123":0,"124":0,"125":0,"126":0,"127":0,"128":0,"129":0,"130":0,"131":0,"132":0,"133":0,"134":0,"135":0,"136":0,"137":0,"138":0,"139":0,"140":0,"141":0,"142":0,"143":0,"144":1,"145":1,"146":1},"f":{"0":1,"1":0,"2":0,"3":3,"4":0,"5":0,"6":0,"7":0},"b":{"0":[0,0],"1":[64421,190],"2":[379,0],"3":[1,0,0,0,378],"4":[1,0],"5":[0,0],"6":[8541,120679],"7":[0,0],"8":[0,0],"9":[0,0]},"_coverageSchema":"332fd63041d2c1bcb487cc26dd0d5f7d97098a6c","hash":"420e6af4de66ac0d7a793e40cc5568c7b6d9bb98","contentHash":"c4fb31d6014244f0883b2ed88195c191_10.0.0"},"/mnt/e/courses/CPSC310/D2/cpsc310project_team181/src/rest/Server.js":{"path":"/mnt/e/courses/CPSC310/D2/cpsc310project_team181/src/rest/Server.js","statementMap":{"0":{"start":{"line":2,"column":14},"end":{"line":2,"column":32}},"1":{"start":{"line":3,"column":13},"end":{"line":3,"column":31}},"2":{"start":{"line":4,"column":22},"end":{"line":4,"column":60}},"3":{"start":{"line":5,"column":14},"end":{"line":96,"column":3}},"4":{"start":{"line":7,"column":8},"end":{"line":7,"column":49}},"5":{"start":{"line":8,"column":8},"end":{"line":8,"column":62}},"6":{"start":{"line":9,"column":8},"end":{"line":9,"column":25}},"7":{"start":{"line":11,"column":4},"end":{"line":19,"column":6}},"8":{"start":{"line":12,"column":8},"end":{"line":12,"column":47}},"9":{"start":{"line":13,"column":19},"end":{"line":13,"column":23}},"10":{"start":{"line":14,"column":8},"end":{"line":18,"column":11}},"11":{"start":{"line":15,"column":12},"end":{"line":17,"column":15}},"12":{"start":{"line":16,"column":16},"end":{"line":16,"column":30}},"13":{"start":{"line":20,"column":4},"end":{"line":73,"column":6}},"14":{"start":{"line":21,"column":19},"end":{"line":21,"column":23}},"15":{"start":{"line":22,"column":8},"end":{"line":72,"column":11}},"16":{"start":{"line":23,"column":12},"end":{"line":71,"column":13}},"17":{"start":{"line":24,"column":16},"end":{"line":24,"column":63}},"18":{"start":{"line":25,"column":16},"end":{"line":27,"column":19}},"19":{"start":{"line":28,"column":16},"end":{"line":28,"column":87}},"20":{"start":{"line":29,"column":16},"end":{"line":32,"column":19}},"21":{"start":{"line":30,"column":20},"end":{"line":30,"column":34}},"22":{"start":{"line":31,"column":20},"end":{"line":31,"column":34}},"23":{"start":{"line":33,"column":16},"end":{"line":33,"column":57}},"24":{"start":{"line":34,"column":16},"end":{"line":42,"column":19}},"25":{"start":{"line":35,"column":34},"end":{"line":35,"column":80}},"26":{"start":{"line":36,"column":20},"end":{"line":40,"column":23}},"27":{"start":{"line":37,"column":24},"end":{"line":37,"column":59}},"28":{"start":{"line":39,"column":24},"end":{"line":39,"column":53}},"29":{"start":{"line":41,"column":20},"end":{"line":41,"column":34}},"30":{"start":{"line":43,"column":16},"end":{"line":50,"column":19}},"31":{"start":{"line":44,"column":20},"end":{"line":48,"column":23}},"32":{"start":{"line":45,"column":24},"end":{"line":45,"column":59}},"33":{"start":{"line":47,"column":24},"end":{"line":47,"column":53}},"34":{"start":{"line":49,"column":20},"end":{"line":49,"column":34}},"35":{"start":{"line":51,"column":16},"end":{"line":58,"column":19}},"36":{"start":{"line":52,"column":20},"end":{"line":56,"column":23}},"37":{"start":{"line":53,"column":24},"end":{"line":53,"column":59}},"38":{"start":{"line":55,"column":24},"end":{"line":55,"column":53}},"39":{"start":{"line":57,"column":20},"end":{"line":57,"column":34}},"40":{"start":{"line":59,"column":16},"end":{"line":62,"column":19}},"41":{"start":{"line":60,"column":20},"end":{"line":60,"column":97}},"42":{"start":{"line":61,"column":20},"end":{"line":61,"column":34}},"43":{"start":{"line":63,"column":16},"end":{"line":66,"column":19}},"44":{"start":{"line":64,"column":20},"end":{"line":64,"column":83}},"45":{"start":{"line":65,"column":20},"end":{"line":65,"column":32}},"46":{"start":{"line":69,"column":16},"end":{"line":69,"column":72}},"47":{"start":{"line":70,"column":16},"end":{"line":70,"column":28}},"48":{"start":{"line":74,"column":4},"end":{"line":86,"column":6}},"49":{"start":{"line":75,"column":8},"end":{"line":75,"column":89}},"50":{"start":{"line":76,"column":8},"end":{"line":84,"column":9}},"51":{"start":{"line":77,"column":25},"end":{"line":77,"column":59}},"52":{"start":{"line":78,"column":12},"end":{"line":78,"column":80}},"53":{"start":{"line":79,"column":12},"end":{"line":79,"column":47}},"54":{"start":{"line":82,"column":12},"end":{"line":82,"column":70}},"55":{"start":{"line":83,"column":12},"end":{"line":83,"column":50}},"56":{"start":{"line":85,"column":8},"end":{"line":85,"column":22}},"57":{"start":{"line":87,"column":4},"end":{"line":94,"column":6}},"58":{"start":{"line":88,"column":8},"end":{"line":93,"column":9}},"59":{"start":{"line":89,"column":12},"end":{"line":89,"column":71}},"60":{"start":{"line":92,"column":12},"end":{"line":92,"column":74}},"61":{"start":{"line":95,"column":4},"end":{"line":95,"column":18}},"62":{"start":{"line":97,"column":0},"end":{"line":97,"column":62}},"63":{"start":{"line":98,"column":0},"end":{"line":98,"column":25}}},"fnMap":{"0":{"name":"(anonymous_0)","decl":{"start":{"line":5,"column":14},"end":{"line":5,"column":15}},"loc":{"start":{"line":5,"column":26},"end":{"line":96,"column":1}}},"1":{"name":"Server","decl":{"start":{"line":6,"column":13},"end":{"line":6,"column":19}},"loc":{"start":{"line":6,"column":26},"end":{"line":10,"column":5}}},"2":{"name":"(anonymous_2)","decl":{"start":{"line":11,"column":28},"end":{"line":11,"column":29}},"loc":{"start":{"line":11,"column":40},"end":{"line":19,"column":5}}},"3":{"name":"(anonymous_3)","decl":{"start":{"line":14,"column":27},"end":{"line":14,"column":28}},"loc":{"start":{"line":14,"column":46},"end":{"line":18,"column":9}}},"4":{"name":"(anonymous_4)","decl":{"start":{"line":15,"column":28},"end":{"line":15,"column":29}},"loc":{"start":{"line":15,"column":40},"end":{"line":17,"column":13}}},"5":{"name":"(anonymous_5)","decl":{"start":{"line":20,"column":29},"end":{"line":20,"column":30}},"loc":{"start":{"line":20,"column":41},"end":{"line":73,"column":5}}},"6":{"name":"(anonymous_6)","decl":{"start":{"line":22,"column":27},"end":{"line":22,"column":28}},"loc":{"start":{"line":22,"column":54},"end":{"line":72,"column":9}}},"7":{"name":"(anonymous_7)","decl":{"start":{"line":29,"column":35},"end":{"line":29,"column":36}},"loc":{"start":{"line":29,"column":61},"end":{"line":32,"column":17}}},"8":{"name":"(anonymous_8)","decl":{"start":{"line":34,"column":46},"end":{"line":34,"column":47}},"loc":{"start":{"line":34,"column":72},"end":{"line":42,"column":17}}},"9":{"name":"(anonymous_9)","decl":{"start":{"line":36,"column":69},"end":{"line":36,"column":70}},"loc":{"start":{"line":36,"column":87},"end":{"line":38,"column":21}}},"10":{"name":"(anonymous_10)","decl":{"start":{"line":38,"column":29},"end":{"line":38,"column":30}},"loc":{"start":{"line":38,"column":44},"end":{"line":40,"column":21}}},"11":{"name":"(anonymous_11)","decl":{"start":{"line":43,"column":46},"end":{"line":43,"column":47}},"loc":{"start":{"line":43,"column":72},"end":{"line":50,"column":17}}},"12":{"name":"(anonymous_12)","decl":{"start":{"line":44,"column":63},"end":{"line":44,"column":64}},"loc":{"start":{"line":44,"column":81},"end":{"line":46,"column":21}}},"13":{"name":"(anonymous_13)","decl":{"start":{"line":46,"column":29},"end":{"line":46,"column":30}},"loc":{"start":{"line":46,"column":44},"end":{"line":48,"column":21}}},"14":{"name":"(anonymous_14)","decl":{"start":{"line":51,"column":41},"end":{"line":51,"column":42}},"loc":{"start":{"line":51,"column":67},"end":{"line":58,"column":17}}},"15":{"name":"(anonymous_15)","decl":{"start":{"line":52,"column":57},"end":{"line":52,"column":58}},"loc":{"start":{"line":52,"column":75},"end":{"line":54,"column":21}}},"16":{"name":"(anonymous_16)","decl":{"start":{"line":54,"column":29},"end":{"line":54,"column":30}},"loc":{"start":{"line":54,"column":44},"end":{"line":56,"column":21}}},"17":{"name":"(anonymous_17)","decl":{"start":{"line":59,"column":44},"end":{"line":59,"column":45}},"loc":{"start":{"line":59,"column":56},"end":{"line":62,"column":17}}},"18":{"name":"(anonymous_18)","decl":{"start":{"line":63,"column":38},"end":{"line":63,"column":39}},"loc":{"start":{"line":63,"column":53},"end":{"line":66,"column":17}}},"19":{"name":"(anonymous_19)","decl":{"start":{"line":74,"column":18},"end":{"line":74,"column":19}},"loc":{"start":{"line":74,"column":44},"end":{"line":86,"column":5}}},"20":{"name":"(anonymous_20)","decl":{"start":{"line":87,"column":25},"end":{"line":87,"column":26}},"loc":{"start":{"line":87,"column":40},"end":{"line":94,"column":5}}}},"branchMap":{"0":{"loc":{"start":{"line":88,"column":8},"end":{"line":93,"column":9}},"type":"if","locations":[{"start":{"line":88,"column":8},"end":{"line":93,"column":9}},{"start":{"line":88,"column":8},"end":{"line":93,"column":9}}]},"1":{"loc":{"start":{"line":88,"column":12},"end":{"line":88,"column":54}},"type":"binary-expr","locations":[{"start":{"line":88,"column":12},"end":{"line":88,"column":38}},{"start":{"line":88,"column":42},"end":{"line":88,"column":54}}]}},"s":{"0":1,"1":1,"2":1,"3":1,"4":2,"5":2,"6":2,"7":1,"8":3,"9":3,"10":3,"11":3,"12":3,"13":1,"14":3,"15":3,"16":3,"17":3,"18":3,"19":3,"20":3,"21":0,"22":0,"23":3,"24":3,"25":1,"26":1,"27":1,"28":0,"29":1,"30":3,"31":0,"32":0,"33":0,"34":0,"35":3,"36":1,"37":1,"38":0,"39":1,"40":3,"41":2,"42":2,"43":3,"44":1,"45":1,"46":0,"47":0,"48":1,"49":0,"50":0,"51":0,"52":0,"53":0,"54":0,"55":0,"56":0,"57":1,"58":4,"59":2,"60":2,"61":1,"62":1,"63":1},"f":{"0":1,"1":2,"2":3,"3":3,"4":3,"5":3,"6":3,"7":0,"8":1,"9":1,"10":0,"11":0,"12":0,"13":0,"14":1,"15":1,"16":0,"17":2,"18":1,"19":0,"20":4},"b":{"0":[2,2],"1":[4,3]},"_coverageSchema":"332fd63041d2c1bcb487cc26dd0d5f7d97098a6c","hash":"1c320e71a0ba5fd5b420bee246d3c405a03175fa","contentHash":"43b65e087a015c8bbb2cd49354ba16bc_10.0.0"}}